# JRE version: OpenJDK Runtime Environment Temurin-21.0.10+7 (21.0.10+7) (build 21.0.10+7-LTS)
# Java VM: OpenJDK 64-Bit Server VM Temurin-21.0.10+7 (21.0.10+7-LTS, mixed mode, sharing, tiered, compressed oops, compressed class ptrs, parallel gc, windows-amd64)
GC Precious Log:
 CardTable entry size: 512
 CPUs: 12 total, 12 available
 Memory: 24191M
 Large Page Support: Disabled
 NUMA Support: Disabled
 Compressed Oops: Enabled (32-bit)
 Alignments: Space 512K, Generation 512K, Heap 2M
 Heap Min Capacity: 100M
 Heap Initial Capacity: 100M
 Heap Max Capacity: 2G
 Pre-touch: Disabled
 Parallel Workers: 10
Heap:
 PSYoungGen      total 21504K, used 1531K [0x00000000d5580000, 0x00000000d7300000, 0x0000000100000000)
  eden space 19968K, 0% used [0x00000000d5580000,0x00000000d5580000,0x00000000d6900000)
  from space 1536K, 99% used [0x00000000d7180000,0x00000000d72fecc8,0x00000000d7300000)
  to   space 5120K, 0% used [0x00000000d6900000,0x00000000d6900000,0x00000000d6e00000)
 ParOldGen       total 69120K, used 68733K [0x0000000080000000, 0x0000000084380000, 0x00000000d5580000)
  object space 69120K, 99% used [0x0000000080000000,0x000000008431f6f8,0x0000000084380000)
 Metaspace       used 58482K, committed 59776K, reserved 1114112K
  class space    used 6607K, committed 7168K, reserved 1048576K
GC Heap History (20 events):
Event: 10.918 GC heap after
{Heap after GC invocations=27 (full 2):
 PSYoungGen      total 22528K, used 2144K [0x00000000d5580000, 0x00000000d7300000, 0x0000000100000000)
  eden space 19968K, 0% used [0x00000000d5580000,0x00000000d5580000,0x00000000d6900000)
  from space 2560K, 83% used [0x00000000d7000000,0x00000000d7218000,0x00000000d7280000)
  to   space 512K, 0% used [0x00000000d7280000,0x00000000d7280000,0x00000000d7300000)
 ParOldGen       total 68608K, used 49474K [0x0000000080000000, 0x0000000084300000, 0x00000000d5580000)
  object space 68608K, 72% used [0x0000000080000000,0x0000000083050a70,0x0000000084300000)
 Metaspace       used 48945K, committed 50304K, reserved 1114112K
  class space    used 5277K, committed 5888K, reserved 1048576K
}
Event: 11.004 GC heap before
{Heap before GC invocations=28 (full 2):
 PSYoungGen      total 22528K, used 22112K [0x00000000d5580000, 0x00000000d7300000, 0x0000000100000000)
  eden space 19968K, 100% used [0x00000000d5580000,0x00000000d6900000,0x00000000d6900000)
  from space 2560K, 83% used [0x00000000d7000000,0x00000000d7218000,0x00000000d7280000)
  to   space 512K, 0% used [0x00000000d7280000,0x00000000d7280000,0x00000000d7300000)
 ParOldGen       total 68608K, used 49474K [0x0000000080000000, 0x0000000084300000, 0x00000000d5580000)
  object space 68608K, 72% used [0x0000000080000000,0x0000000083050a70,0x0000000084300000)
 Metaspace       used 49144K, committed 50432K, reserved 1114112K
  class space    used 5306K, committed 5888K, reserved 1048576K
}
Event: 11.009 GC heap after
{Heap after GC invocations=28 (full 2):
 PSYoungGen      total 20480K, used 512K [0x00000000d5580000, 0x00000000d7300000, 0x0000000100000000)
  eden space 19968K, 0% used [0x00000000d5580000,0x00000000d5580000,0x00000000d6900000)
  from space 512K, 100% used [0x00000000d7280000,0x00000000d7300000,0x00000000d7300000)
  to   space 4608K, 0% used [0x00000000d6a00000,0x00000000d6a00000,0x00000000d6e80000)
 ParOldGen       total 68608K, used 53002K [0x0000000080000000, 0x0000000084300000, 0x00000000d5580000)
  object space 68608K, 77% used [0x0000000080000000,0x00000000833c2aa0,0x0000000084300000)
 Metaspace       used 49144K, committed 50432K, reserved 1114112K
  class space    used 5306K, committed 5888K, reserved 1048576K
}
Event: 11.282 GC heap before
{Heap before GC invocations=29 (full 2):
 PSYoungGen      total 20480K, used 20480K [0x00000000d5580000, 0x00000000d7300000, 0x0000000100000000)
  eden space 19968K, 100% used [0x00000000d5580000,0x00000000d6900000,0x00000000d6900000)
  from space 512K, 100% used [0x00000000d7280000,0x00000000d7300000,0x00000000d7300000)
  to   space 4608K, 0% used [0x00000000d6a00000,0x00000000d6a00000,0x00000000d6e80000)
 ParOldGen       total 68608K, used 53002K [0x0000000080000000, 0x0000000084300000, 0x00000000d5580000)
  object space 68608K, 77% used [0x0000000080000000,0x00000000833c2aa0,0x0000000084300000)
 Metaspace       used 50086K, committed 51392K, reserved 1114112K
  class space    used 5422K, committed 6016K, reserved 1048576K
}
Event: 11.285 GC heap after
{Heap after GC invocations=29 (full 2):
 PSYoungGen      total 24576K, used 1880K [0x00000000d5580000, 0x00000000d7300000, 0x0000000100000000)
  eden space 19968K, 0% used [0x00000000d5580000,0x00000000d5580000,0x00000000d6900000)
  from space 4608K, 40% used [0x00000000d6a00000,0x00000000d6bd6200,0x00000000d6e80000)
  to   space 3072K, 0% used [0x00000000d7000000,0x00000000d7000000,0x00000000d7300000)
 ParOldGen       total 68608K, used 53546K [0x0000000080000000, 0x0000000084300000, 0x00000000d5580000)
  object space 68608K, 78% used [0x0000000080000000,0x000000008344aaa0,0x0000000084300000)
 Metaspace       used 50086K, committed 51392K, reserved 1114112K
  class space    used 5422K, committed 6016K, reserved 1048576K
}
Event: 11.567 GC heap before
{Heap before GC invocations=30 (full 2):
 PSYoungGen      total 24576K, used 21848K [0x00000000d5580000, 0x00000000d7300000, 0x0000000100000000)
  eden space 19968K, 100% used [0x00000000d5580000,0x00000000d6900000,0x00000000d6900000)
  from space 4608K, 40% used [0x00000000d6a00000,0x00000000d6bd6200,0x00000000d6e80000)
  to   space 3072K, 0% used [0x00000000d7000000,0x00000000d7000000,0x00000000d7300000)
 ParOldGen       total 68608K, used 53546K [0x0000000080000000, 0x0000000084300000, 0x00000000d5580000)
  object space 68608K, 78% used [0x0000000080000000,0x000000008344aaa0,0x0000000084300000)
 Metaspace       used 52404K, committed 53760K, reserved 1114112K
  class space    used 5677K, committed 6272K, reserved 1048576K
}
Event: 11.571 GC heap after
{Heap after GC invocations=30 (full 2):
 PSYoungGen      total 21504K, used 1129K [0x00000000d5580000, 0x00000000d7180000, 0x0000000100000000)
  eden space 19968K, 0% used [0x00000000d5580000,0x00000000d5580000,0x00000000d6900000)
  from space 1536K, 73% used [0x00000000d7000000,0x00000000d711a778,0x00000000d7180000)
  to   space 2048K, 0% used [0x00000000d6d80000,0x00000000d6d80000,0x00000000d6f80000)
 ParOldGen       total 68608K, used 55286K [0x0000000080000000, 0x0000000084300000, 0x00000000d5580000)
  object space 68608K, 80% used [0x0000000080000000,0x00000000835fd928,0x0000000084300000)
 Metaspace       used 52404K, committed 53760K, reserved 1114112K
  class space    used 5677K, committed 6272K, reserved 1048576K
}
Event: 12.052 GC heap before
{Heap before GC invocations=31 (full 2):
 PSYoungGen      total 21504K, used 21097K [0x00000000d5580000, 0x00000000d7180000, 0x0000000100000000)
  eden space 19968K, 100% used [0x00000000d5580000,0x00000000d6900000,0x00000000d6900000)
  from space 1536K, 73% used [0x00000000d7000000,0x00000000d711a778,0x00000000d7180000)
  to   space 2048K, 0% used [0x00000000d6d80000,0x00000000d6d80000,0x00000000d6f80000)
 ParOldGen       total 68608K, used 55286K [0x0000000080000000, 0x0000000084300000, 0x00000000d5580000)
  object space 68608K, 80% used [0x0000000080000000,0x00000000835fd928,0x0000000084300000)
 Metaspace       used 53996K, committed 55232K, reserved 1114112K
  class space    used 5853K, committed 6400K, reserved 1048576K
}
Event: 12.054 GC heap after
{Heap after GC invocations=31 (full 2):
 PSYoungGen      total 21504K, used 1024K [0x00000000d5580000, 0x00000000d7080000, 0x0000000100000000)
  eden space 19968K, 0% used [0x00000000d5580000,0x00000000d5580000,0x00000000d6900000)
  from space 1536K, 66% used [0x00000000d6d80000,0x00000000d6e80010,0x00000000d6f00000)
  to   space 1536K, 0% used [0x00000000d6f00000,0x00000000d6f00000,0x00000000d7080000)
 ParOldGen       total 68608K, used 56161K [0x0000000080000000, 0x0000000084300000, 0x00000000d5580000)
  object space 68608K, 81% used [0x0000000080000000,0x00000000836d8640,0x0000000084300000)
 Metaspace       used 53996K, committed 55232K, reserved 1114112K
  class space    used 5853K, committed 6400K, reserved 1048576K
}
Event: 12.412 GC heap before
{Heap before GC invocations=32 (full 2):
 PSYoungGen      total 21504K, used 20992K [0x00000000d5580000, 0x00000000d7080000, 0x0000000100000000)
  eden space 19968K, 100% used [0x00000000d5580000,0x00000000d6900000,0x00000000d6900000)
  from space 1536K, 66% used [0x00000000d6d80000,0x00000000d6e80010,0x00000000d6f00000)
  to   space 1536K, 0% used [0x00000000d6f00000,0x00000000d6f00000,0x00000000d7080000)
 ParOldGen       total 68608K, used 56161K [0x0000000080000000, 0x0000000084300000, 0x00000000d5580000)
  object space 68608K, 81% used [0x0000000080000000,0x00000000836d8640,0x0000000084300000)
 Metaspace       used 55019K, committed 56320K, reserved 1114112K
  class space    used 6023K, committed 6592K, reserved 1048576K
}
Event: 12.415 GC heap after
{Heap after GC invocations=32 (full 2):
 PSYoungGen      total 20480K, used 384K [0x00000000d5580000, 0x00000000d6f80000, 0x0000000100000000)
  eden space 19968K, 0% used [0x00000000d5580000,0x00000000d5580000,0x00000000d6900000)
  from space 512K, 75% used [0x00000000d6f00000,0x00000000d6f60000,0x00000000d6f80000)
  to   space 1024K, 0% used [0x00000000d6d80000,0x00000000d6d80000,0x00000000d6e80000)
 ParOldGen       total 68608K, used 56979K [0x0000000080000000, 0x0000000084300000, 0x00000000d5580000)
  object space 68608K, 83% used [0x0000000080000000,0x00000000837a4cc0,0x0000000084300000)
 Metaspace       used 55019K, committed 56320K, reserved 1114112K
  class space    used 6023K, committed 6592K, reserved 1048576K
}
Event: 12.719 GC heap before
{Heap before GC invocations=33 (full 2):
 PSYoungGen      total 20480K, used 20352K [0x00000000d5580000, 0x00000000d6f80000, 0x0000000100000000)
  eden space 19968K, 100% used [0x00000000d5580000,0x00000000d6900000,0x00000000d6900000)
  from space 512K, 75% used [0x00000000d6f00000,0x00000000d6f60000,0x00000000d6f80000)
  to   space 1024K, 0% used [0x00000000d6d80000,0x00000000d6d80000,0x00000000d6e80000)
 ParOldGen       total 68608K, used 56979K [0x0000000080000000, 0x0000000084300000, 0x00000000d5580000)
  object space 68608K, 83% used [0x0000000080000000,0x00000000837a4cc0,0x0000000084300000)
 Metaspace       used 56270K, committed 57600K, reserved 1114112K
  class space    used 6228K, committed 6784K, reserved 1048576K
}
Event: 12.722 GC heap after
{Heap after GC invocations=33 (full 2):
 PSYoungGen      total 20992K, used 1004K [0x00000000d5580000, 0x00000000d7c00000, 0x0000000100000000)
  eden space 19968K, 0% used [0x00000000d5580000,0x00000000d5580000,0x00000000d6900000)
  from space 1024K, 98% used [0x00000000d6d80000,0x00000000d6e7b1a0,0x00000000d6e80000)
  to   space 9728K, 0% used [0x00000000d7280000,0x00000000d7280000,0x00000000d7c00000)
 ParOldGen       total 68608K, used 64267K [0x0000000080000000, 0x0000000084300000, 0x00000000d5580000)
  object space 68608K, 93% used [0x0000000080000000,0x0000000083ec2eb0,0x0000000084300000)
 Metaspace       used 56270K, committed 57600K, reserved 1114112K
  class space    used 6228K, committed 6784K, reserved 1048576K
}
Event: 13.188 GC heap before
{Heap before GC invocations=34 (full 2):
 PSYoungGen      total 20992K, used 20972K [0x00000000d5580000, 0x00000000d7c00000, 0x0000000100000000)
  eden space 19968K, 100% used [0x00000000d5580000,0x00000000d6900000,0x00000000d6900000)
  from space 1024K, 98% used [0x00000000d6d80000,0x00000000d6e7b1a0,0x00000000d6e80000)
  to   space 9728K, 0% used [0x00000000d7280000,0x00000000d7280000,0x00000000d7c00000)
 ParOldGen       total 68608K, used 64267K [0x0000000080000000, 0x0000000084300000, 0x00000000d5580000)
  object space 68608K, 93% used [0x0000000080000000,0x0000000083ec2eb0,0x0000000084300000)
 Metaspace       used 57887K, committed 59264K, reserved 1114112K
  class space    used 6508K, committed 7104K, reserved 1048576K
}
Event: 13.191 GC heap after
{Heap after GC invocations=34 (full 2):
 PSYoungGen      total 20992K, used 800K [0x00000000d5580000, 0x00000000d7380000, 0x0000000100000000)
  eden space 19968K, 0% used [0x00000000d5580000,0x00000000d5580000,0x00000000d6900000)
  from space 1024K, 78% used [0x00000000d7280000,0x00000000d7348000,0x00000000d7380000)
  to   space 3584K, 0% used [0x00000000d6c80000,0x00000000d6c80000,0x00000000d7000000)
 ParOldGen       total 68608K, used 65219K [0x0000000080000000, 0x0000000084300000, 0x00000000d5580000)
  object space 68608K, 95% used [0x0000000080000000,0x0000000083fb0fa8,0x0000000084300000)
 Metaspace       used 57887K, committed 59264K, reserved 1114112K
  class space    used 6508K, committed 7104K, reserved 1048576K
}
Event: 13.470 GC heap before
{Heap before GC invocations=35 (full 2):
 PSYoungGen      total 20992K, used 20768K [0x00000000d5580000, 0x00000000d7380000, 0x0000000100000000)
  eden space 19968K, 100% used [0x00000000d5580000,0x00000000d6900000,0x00000000d6900000)
  from space 1024K, 78% used [0x00000000d7280000,0x00000000d7348000,0x00000000d7380000)
  to   space 3584K, 0% used [0x00000000d6c80000,0x00000000d6c80000,0x00000000d7000000)
 ParOldGen       total 68608K, used 65219K [0x0000000080000000, 0x0000000084300000, 0x00000000d5580000)
  object space 68608K, 95% used [0x0000000080000000,0x0000000083fb0fa8,0x0000000084300000)
 Metaspace       used 57908K, committed 59264K, reserved 1114112K
  class space    used 6509K, committed 7104K, reserved 1048576K
}
Event: 13.472 GC heap after
{Heap after GC invocations=35 (full 2):
 PSYoungGen      total 23552K, used 576K [0x00000000d5580000, 0x00000000d7300000, 0x0000000100000000)
  eden space 19968K, 0% used [0x00000000d5580000,0x00000000d5580000,0x00000000d6900000)
  from space 3584K, 16% used [0x00000000d6c80000,0x00000000d6d10000,0x00000000d7000000)
  to   space 1536K, 0% used [0x00000000d7180000,0x00000000d7180000,0x00000000d7300000)
 ParOldGen       total 68608K, used 65864K [0x0000000080000000, 0x0000000084300000, 0x00000000d5580000)
  object space 68608K, 96% used [0x0000000080000000,0x0000000084052368,0x0000000084300000)
 Metaspace       used 57908K, committed 59264K, reserved 1114112K
  class space    used 6509K, committed 7104K, reserved 1048576K
}
Event: 13.680 GC heap before
{Heap before GC invocations=36 (full 2):
 PSYoungGen      total 23552K, used 19329K [0x00000000d5580000, 0x00000000d7300000, 0x0000000100000000)
  eden space 19968K, 93% used [0x00000000d5580000,0x00000000d67d06e0,0x00000000d6900000)
  from space 3584K, 16% used [0x00000000d6c80000,0x00000000d6d10000,0x00000000d7000000)
  to   space 1536K, 0% used [0x00000000d7180000,0x00000000d7180000,0x00000000d7300000)
 ParOldGen       total 68608K, used 65864K [0x0000000080000000, 0x0000000084300000, 0x00000000d5580000)
  object space 68608K, 96% used [0x0000000080000000,0x0000000084052368,0x0000000084300000)
 Metaspace       used 58482K, committed 59776K, reserved 1114112K
  class space    used 6607K, committed 7168K, reserved 1048576K
}
Event: 13.683 GC heap after
{Heap after GC invocations=36 (full 2):
 PSYoungGen      total 21504K, used 1531K [0x00000000d5580000, 0x00000000d7300000, 0x0000000100000000)
  eden space 19968K, 0% used [0x00000000d5580000,0x00000000d5580000,0x00000000d6900000)
  from space 1536K, 99% used [0x00000000d7180000,0x00000000d72fecc8,0x00000000d7300000)
  to   space 5120K, 0% used [0x00000000d6900000,0x00000000d6900000,0x00000000d6e00000)
 ParOldGen       total 69120K, used 68733K [0x0000000080000000, 0x0000000084380000, 0x00000000d5580000)
  object space 69120K, 99% used [0x0000000080000000,0x000000008431f6f8,0x0000000084380000)
 Metaspace       used 58482K, committed 59776K, reserved 1114112K
  class space    used 6607K, committed 7168K, reserved 1048576K
}
Event: 13.683 GC heap before
{Heap before GC invocations=37 (full 3):
 PSYoungGen      total 21504K, used 1531K [0x00000000d5580000, 0x00000000d7300000, 0x0000000100000000)
  eden space 19968K, 0% used [0x00000000d5580000,0x00000000d5580000,0x00000000d6900000)
  from space 1536K, 99% used [0x00000000d7180000,0x00000000d72fecc8,0x00000000d7300000)
  to   space 5120K, 0% used [0x00000000d6900000,0x00000000d6900000,0x00000000d6e00000)
 ParOldGen       total 69120K, used 68733K [0x0000000080000000, 0x0000000084380000, 0x00000000d5580000)
  object space 69120K, 99% used [0x0000000080000000,0x000000008431f6f8,0x0000000084380000)
 Metaspace       used 58482K, committed 59776K, reserved 1114112K
  class space    used 6607K, committed 7168K, reserved 1048576K
}

