# JRE version: OpenJDK Runtime Environment Temurin-21.0.10+7 (21.0.10+7) (build 21.0.10+7-LTS)
# Java VM: OpenJDK 64-Bit Server VM Temurin-21.0.10+7 (21.0.10+7-LTS, mixed mode, sharing, tiered, compressed oops, compressed class ptrs, parallel gc, windows-amd64)
GC Precious Log:
 CardTable entry size: 512
 CPUs: 12 total, 12 available
 Memory: 24191M
 Large Page Support: Disabled
 NUMA Support: Disabled
 Compressed Oops: Enabled (32-bit)
 Alignments: Space 512K, Generation 512K, Heap 2M
 Heap Min Capacity: 100M
 Heap Initial Capacity: 100M
 Heap Max Capacity: 2G
 Pre-touch: Disabled
 Parallel Workers: 10
Heap:
 PSYoungGen      total 7168K, used 1895K [0x00000000d5580000, 0x00000000d6100000, 0x0000000100000000)
  eden space 5632K, 10% used [0x00000000d5580000,0x00000000d56111e8,0x00000000d5b00000)
  from space 1536K, 85% used [0x00000000d5f80000,0x00000000d60c8ce0,0x00000000d6100000)
  to   space 2048K, 0% used [0x00000000d5d00000,0x00000000d5d00000,0x00000000d5f00000)
 ParOldGen       total 680448K, used 680166K [0x0000000080000000, 0x00000000a9880000, 0x00000000d5580000)
  object space 680448K, 99% used [0x0000000080000000,0x00000000a9839b20,0x00000000a9880000)
 Metaspace       used 85678K, committed 87616K, reserved 1179648K
  class space    used 9033K, committed 9920K, reserved 1048576K
GC Heap History (20 events):
Event: 5746.780 GC heap before
{Heap before GC invocations=1175 (full 5):
 PSYoungGen      total 2560K, used 2220K [0x00000000d5580000, 0x00000000d5d00000, 0x0000000100000000)
  eden space 1536K, 100% used [0x00000000d5580000,0x00000000d5700000,0x00000000d5700000)
  from space 1024K, 66% used [0x00000000d5c00000,0x00000000d5cab338,0x00000000d5d00000)
  to   space 1024K, 0% used [0x00000000d5b00000,0x00000000d5b00000,0x00000000d5c00000)
 ParOldGen       total 655872K, used 655413K [0x0000000080000000, 0x00000000a8080000, 0x00000000d5580000)
  object space 655872K, 99% used [0x0000000080000000,0x00000000a800d7a8,0x00000000a8080000)
 Metaspace       used 85633K, committed 87488K, reserved 1179648K
  class space    used 9031K, committed 9920K, reserved 1048576K
}
Event: 5746.787 GC heap after
{Heap after GC invocations=1175 (full 5):
 PSYoungGen      total 3072K, used 1004K [0x00000000d5580000, 0x00000000d5c80000, 0x0000000100000000)
  eden space 2048K, 0% used [0x00000000d5580000,0x00000000d5580000,0x00000000d5780000)
  from space 1024K, 98% used [0x00000000d5b00000,0x00000000d5bfb338,0x00000000d5c00000)
  to   space 512K, 0% used [0x00000000d5c00000,0x00000000d5c00000,0x00000000d5c80000)
 ParOldGen       total 656896K, used 656546K [0x0000000080000000, 0x00000000a8180000, 0x00000000d5580000)
  object space 656896K, 99% used [0x0000000080000000,0x00000000a8128af0,0x00000000a8180000)
 Metaspace       used 85633K, committed 87488K, reserved 1179648K
  class space    used 9031K, committed 9920K, reserved 1048576K
}
Event: 5746.801 GC heap before
{Heap before GC invocations=1176 (full 5):
 PSYoungGen      total 3072K, used 3052K [0x00000000d5580000, 0x00000000d5c80000, 0x0000000100000000)
  eden space 2048K, 100% used [0x00000000d5580000,0x00000000d5780000,0x00000000d5780000)
  from space 1024K, 98% used [0x00000000d5b00000,0x00000000d5bfb338,0x00000000d5c00000)
  to   space 512K, 0% used [0x00000000d5c00000,0x00000000d5c00000,0x00000000d5c80000)
 ParOldGen       total 656896K, used 656546K [0x0000000080000000, 0x00000000a8180000, 0x00000000d5580000)
  object space 656896K, 99% used [0x0000000080000000,0x00000000a8128af0,0x00000000a8180000)
 Metaspace       used 85633K, committed 87488K, reserved 1179648K
  class space    used 9031K, committed 9920K, reserved 1048576K
}
Event: 5746.810 GC heap after
{Heap after GC invocations=1176 (full 5):
 PSYoungGen      total 3072K, used 512K [0x00000000d5580000, 0x00000000d5f00000, 0x0000000100000000)
  eden space 2560K, 0% used [0x00000000d5580000,0x00000000d5580000,0x00000000d5800000)
  from space 512K, 100% used [0x00000000d5c00000,0x00000000d5c80000,0x00000000d5c80000)
  to   space 3584K, 0% used [0x00000000d5800000,0x00000000d5800000,0x00000000d5b80000)
 ParOldGen       total 659456K, used 659111K [0x0000000080000000, 0x00000000a8400000, 0x00000000d5580000)
  object space 659456K, 99% used [0x0000000080000000,0x00000000a83a9e28,0x00000000a8400000)
 Metaspace       used 85633K, committed 87488K, reserved 1179648K
  class space    used 9031K, committed 9920K, reserved 1048576K
}
Event: 5746.826 GC heap before
{Heap before GC invocations=1177 (full 5):
 PSYoungGen      total 3072K, used 3071K [0x00000000d5580000, 0x00000000d5f00000, 0x0000000100000000)
  eden space 2560K, 99% used [0x00000000d5580000,0x00000000d57fffc8,0x00000000d5800000)
  from space 512K, 100% used [0x00000000d5c00000,0x00000000d5c80000,0x00000000d5c80000)
  to   space 3584K, 0% used [0x00000000d5800000,0x00000000d5800000,0x00000000d5b80000)
 ParOldGen       total 659456K, used 659111K [0x0000000080000000, 0x00000000a8400000, 0x00000000d5580000)
  object space 659456K, 99% used [0x0000000080000000,0x00000000a83a9e28,0x00000000a8400000)
 Metaspace       used 85633K, committed 87488K, reserved 1179648K
  class space    used 9031K, committed 9920K, reserved 1048576K
}
Event: 5746.832 GC heap after
{Heap after GC invocations=1177 (full 5):
 PSYoungGen      total 6144K, used 2400K [0x00000000d5580000, 0x00000000d5e80000, 0x0000000100000000)
  eden space 2560K, 0% used [0x00000000d5580000,0x00000000d5580000,0x00000000d5800000)
  from space 3584K, 66% used [0x00000000d5800000,0x00000000d5a58020,0x00000000d5b80000)
  to   space 3072K, 0% used [0x00000000d5b80000,0x00000000d5b80000,0x00000000d5e80000)
 ParOldGen       total 659968K, used 659663K [0x0000000080000000, 0x00000000a8480000, 0x00000000d5580000)
  object space 659968K, 99% used [0x0000000080000000,0x00000000a8433e28,0x00000000a8480000)
 Metaspace       used 85633K, committed 87488K, reserved 1179648K
  class space    used 9031K, committed 9920K, reserved 1048576K
}
Event: 5746.848 GC heap before
{Heap before GC invocations=1178 (full 5):
 PSYoungGen      total 6144K, used 4960K [0x00000000d5580000, 0x00000000d5e80000, 0x0000000100000000)
  eden space 2560K, 100% used [0x00000000d5580000,0x00000000d5800000,0x00000000d5800000)
  from space 3584K, 66% used [0x00000000d5800000,0x00000000d5a58020,0x00000000d5b80000)
  to   space 3072K, 0% used [0x00000000d5b80000,0x00000000d5b80000,0x00000000d5e80000)
 ParOldGen       total 659968K, used 659663K [0x0000000080000000, 0x00000000a8480000, 0x00000000d5580000)
  object space 659968K, 99% used [0x0000000080000000,0x00000000a8433e28,0x00000000a8480000)
 Metaspace       used 85633K, committed 87488K, reserved 1179648K
  class space    used 9031K, committed 9920K, reserved 1048576K
}
Event: 5746.856 GC heap after
{Heap after GC invocations=1178 (full 5):
 PSYoungGen      total 5632K, used 2112K [0x00000000d5580000, 0x00000000d5e00000, 0x0000000100000000)
  eden space 3072K, 0% used [0x00000000d5580000,0x00000000d5580000,0x00000000d5880000)
  from space 2560K, 82% used [0x00000000d5b80000,0x00000000d5d90000,0x00000000d5e00000)
  to   space 2560K, 0% used [0x00000000d5900000,0x00000000d5900000,0x00000000d5b80000)
 ParOldGen       total 662016K, used 661911K [0x0000000080000000, 0x00000000a8680000, 0x00000000d5580000)
  object space 662016K, 99% used [0x0000000080000000,0x00000000a8665e58,0x00000000a8680000)
 Metaspace       used 85633K, committed 87488K, reserved 1179648K
  class space    used 9031K, committed 9920K, reserved 1048576K
}
Event: 5746.891 GC heap before
{Heap before GC invocations=1179 (full 5):
 PSYoungGen      total 5632K, used 5184K [0x00000000d5580000, 0x00000000d5e00000, 0x0000000100000000)
  eden space 3072K, 100% used [0x00000000d5580000,0x00000000d5880000,0x00000000d5880000)
  from space 2560K, 82% used [0x00000000d5b80000,0x00000000d5d90000,0x00000000d5e00000)
  to   space 2560K, 0% used [0x00000000d5900000,0x00000000d5900000,0x00000000d5b80000)
 ParOldGen       total 662016K, used 661911K [0x0000000080000000, 0x00000000a8680000, 0x00000000d5580000)
  object space 662016K, 99% used [0x0000000080000000,0x00000000a8665e58,0x00000000a8680000)
 Metaspace       used 85647K, committed 87552K, reserved 1179648K
  class space    used 9031K, committed 9920K, reserved 1048576K
}
Event: 5746.903 GC heap after
{Heap after GC invocations=1179 (full 5):
 PSYoungGen      total 6144K, used 2560K [0x00000000d5580000, 0x00000000d6480000, 0x0000000100000000)
  eden space 3584K, 0% used [0x00000000d5580000,0x00000000d5580000,0x00000000d5900000)
  from space 2560K, 100% used [0x00000000d5900000,0x00000000d5b80000,0x00000000d5b80000)
  to   space 5632K, 0% used [0x00000000d5f00000,0x00000000d5f00000,0x00000000d6480000)
 ParOldGen       total 664576K, used 664206K [0x0000000080000000, 0x00000000a8900000, 0x00000000d5580000)
  object space 664576K, 99% used [0x0000000080000000,0x00000000a88a38f0,0x00000000a8900000)
 Metaspace       used 85647K, committed 87552K, reserved 1179648K
  class space    used 9031K, committed 9920K, reserved 1048576K
}
Event: 5746.953 GC heap before
{Heap before GC invocations=1180 (full 5):
 PSYoungGen      total 6144K, used 5914K [0x00000000d5580000, 0x00000000d6480000, 0x0000000100000000)
  eden space 3584K, 93% used [0x00000000d5580000,0x00000000d58c68f8,0x00000000d5900000)
  from space 2560K, 100% used [0x00000000d5900000,0x00000000d5b80000,0x00000000d5b80000)
  to   space 5632K, 0% used [0x00000000d5f00000,0x00000000d5f00000,0x00000000d6480000)
 ParOldGen       total 664576K, used 664206K [0x0000000080000000, 0x00000000a8900000, 0x00000000d5580000)
  object space 664576K, 99% used [0x0000000080000000,0x00000000a88a38f0,0x00000000a8900000)
 Metaspace       used 85647K, committed 87552K, reserved 1179648K
  class space    used 9031K, committed 9920K, reserved 1048576K
}
Event: 5746.966 GC heap after
{Heap after GC invocations=1180 (full 5):
 PSYoungGen      total 7680K, used 2968K [0x00000000d5580000, 0x00000000d6200000, 0x0000000100000000)
  eden space 4608K, 0% used [0x00000000d5580000,0x00000000d5580000,0x00000000d5a00000)
  from space 3072K, 96% used [0x00000000d5f00000,0x00000000d61e6000,0x00000000d6200000)
  to   space 4096K, 0% used [0x00000000d5a00000,0x00000000d5a00000,0x00000000d5e00000)
 ParOldGen       total 667136K, used 666822K [0x0000000080000000, 0x00000000a8b80000, 0x00000000d5580000)
  object space 667136K, 99% used [0x0000000080000000,0x00000000a8b318f0,0x00000000a8b80000)
 Metaspace       used 85647K, committed 87552K, reserved 1179648K
  class space    used 9031K, committed 9920K, reserved 1048576K
}
Event: 5747.078 GC heap before
{Heap before GC invocations=1181 (full 5):
 PSYoungGen      total 7680K, used 7576K [0x00000000d5580000, 0x00000000d6200000, 0x0000000100000000)
  eden space 4608K, 100% used [0x00000000d5580000,0x00000000d5a00000,0x00000000d5a00000)
  from space 3072K, 96% used [0x00000000d5f00000,0x00000000d61e6000,0x00000000d6200000)
  to   space 4096K, 0% used [0x00000000d5a00000,0x00000000d5a00000,0x00000000d5e00000)
 ParOldGen       total 667136K, used 666822K [0x0000000080000000, 0x00000000a8b80000, 0x00000000d5580000)
  object space 667136K, 99% used [0x0000000080000000,0x00000000a8b318f0,0x00000000a8b80000)
 Metaspace       used 85647K, committed 87552K, reserved 1179648K
  class space    used 9031K, committed 9920K, reserved 1048576K
}
Event: 5747.094 GC heap after
{Heap after GC invocations=1181 (full 5):
 PSYoungGen      total 8704K, used 4080K [0x00000000d5580000, 0x00000000d6a00000, 0x0000000100000000)
  eden space 4608K, 0% used [0x00000000d5580000,0x00000000d5580000,0x00000000d5a00000)
  from space 4096K, 99% used [0x00000000d5a00000,0x00000000d5dfc230,0x00000000d5e00000)
  to   space 7680K, 0% used [0x00000000d6280000,0x00000000d6280000,0x00000000d6a00000)
 ParOldGen       total 669696K, used 669694K [0x0000000080000000, 0x00000000a8e00000, 0x00000000d5580000)
  object space 669696K, 99% used [0x0000000080000000,0x00000000a8dff8f0,0x00000000a8e00000)
 Metaspace       used 85647K, committed 87552K, reserved 1179648K
  class space    used 9031K, committed 9920K, reserved 1048576K
}
Event: 5747.132 GC heap before
{Heap before GC invocations=1182 (full 5):
 PSYoungGen      total 8704K, used 8661K [0x00000000d5580000, 0x00000000d6a00000, 0x0000000100000000)
  eden space 4608K, 99% used [0x00000000d5580000,0x00000000d59f9208,0x00000000d5a00000)
  from space 4096K, 99% used [0x00000000d5a00000,0x00000000d5dfc230,0x00000000d5e00000)
  to   space 7680K, 0% used [0x00000000d6280000,0x00000000d6280000,0x00000000d6a00000)
 ParOldGen       total 669696K, used 669694K [0x0000000080000000, 0x00000000a8e00000, 0x00000000d5580000)
  object space 669696K, 99% used [0x0000000080000000,0x00000000a8dff8f0,0x00000000a8e00000)
 Metaspace       used 85647K, committed 87552K, reserved 1179648K
  class space    used 9031K, committed 9920K, reserved 1048576K
}
Event: 5747.150 GC heap after
{Heap after GC invocations=1182 (full 5):
 PSYoungGen      total 10240K, used 4588K [0x00000000d5580000, 0x00000000d6700000, 0x0000000100000000)
  eden space 5632K, 0% used [0x00000000d5580000,0x00000000d5580000,0x00000000d5b00000)
  from space 4608K, 99% used [0x00000000d6280000,0x00000000d66fb000,0x00000000d6700000)
  to   space 5632K, 0% used [0x00000000d5c00000,0x00000000d5c00000,0x00000000d6180000)
 ParOldGen       total 674304K, used 673846K [0x0000000080000000, 0x00000000a9280000, 0x00000000d5580000)
  object space 674304K, 99% used [0x0000000080000000,0x00000000a920db20,0x00000000a9280000)
 Metaspace       used 85647K, committed 87552K, reserved 1179648K
  class space    used 9031K, committed 9920K, reserved 1048576K
}
Event: 6296.991 GC heap before
{Heap before GC invocations=1183 (full 5):
 PSYoungGen      total 10240K, used 10219K [0x00000000d5580000, 0x00000000d6700000, 0x0000000100000000)
  eden space 5632K, 99% used [0x00000000d5580000,0x00000000d5afff60,0x00000000d5b00000)
  from space 4608K, 99% used [0x00000000d6280000,0x00000000d66fb000,0x00000000d6700000)
  to   space 5632K, 0% used [0x00000000d5c00000,0x00000000d5c00000,0x00000000d6180000)
 ParOldGen       total 674304K, used 673846K [0x0000000080000000, 0x00000000a9280000, 0x00000000d5580000)
  object space 674304K, 99% used [0x0000000080000000,0x00000000a920db20,0x00000000a9280000)
 Metaspace       used 85664K, committed 87616K, reserved 1179648K
  class space    used 9031K, committed 9920K, reserved 1048576K
}
Event: 6297.000 GC heap after
{Heap after GC invocations=1183 (full 5):
 PSYoungGen      total 8192K, used 2080K [0x00000000d5580000, 0x00000000d6300000, 0x0000000100000000)
  eden space 5632K, 0% used [0x00000000d5580000,0x00000000d5580000,0x00000000d5b00000)
  from space 2560K, 81% used [0x00000000d5c00000,0x00000000d5e08000,0x00000000d5e80000)
  to   space 3584K, 0% used [0x00000000d5f80000,0x00000000d5f80000,0x00000000d6300000)
 ParOldGen       total 678400K, used 678174K [0x0000000080000000, 0x00000000a9680000, 0x00000000d5580000)
  object space 678400K, 99% used [0x0000000080000000,0x00000000a9647b20,0x00000000a9680000)
 Metaspace       used 85664K, committed 87616K, reserved 1179648K
  class space    used 9031K, committed 9920K, reserved 1048576K
}
Event: 6297.108 GC heap before
{Heap before GC invocations=1184 (full 5):
 PSYoungGen      total 8192K, used 7712K [0x00000000d5580000, 0x00000000d6300000, 0x0000000100000000)
  eden space 5632K, 100% used [0x00000000d5580000,0x00000000d5b00000,0x00000000d5b00000)
  from space 2560K, 81% used [0x00000000d5c00000,0x00000000d5e08000,0x00000000d5e80000)
  to   space 3584K, 0% used [0x00000000d5f80000,0x00000000d5f80000,0x00000000d6300000)
 ParOldGen       total 678400K, used 678174K [0x0000000080000000, 0x00000000a9680000, 0x00000000d5580000)
  object space 678400K, 99% used [0x0000000080000000,0x00000000a9647b20,0x00000000a9680000)
 Metaspace       used 85678K, committed 87616K, reserved 1179648K
  class space    used 9033K, committed 9920K, reserved 1048576K
}
Event: 6297.112 GC heap after
{Heap after GC invocations=1184 (full 5):
 PSYoungGen      total 7168K, used 1315K [0x00000000d5580000, 0x00000000d6100000, 0x0000000100000000)
  eden space 5632K, 0% used [0x00000000d5580000,0x00000000d5580000,0x00000000d5b00000)
  from space 1536K, 85% used [0x00000000d5f80000,0x00000000d60c8ce0,0x00000000d6100000)
  to   space 2048K, 0% used [0x00000000d5d00000,0x00000000d5d00000,0x00000000d5f00000)
 ParOldGen       total 680448K, used 680166K [0x0000000080000000, 0x00000000a9880000, 0x00000000d5580000)
  object space 680448K, 99% used [0x0000000080000000,0x00000000a9839b20,0x00000000a9880000)
 Metaspace       used 85678K, committed 87616K, reserved 1179648K
  class space    used 9033K, committed 9920K, reserved 1048576K
}

