# JRE version: OpenJDK Runtime Environment Temurin-21.0.10+7 (21.0.10+7) (build 21.0.10+7-LTS)
# Java VM: OpenJDK 64-Bit Server VM Temurin-21.0.10+7 (21.0.10+7-LTS, mixed mode, sharing, tiered, compressed oops, compressed class ptrs, parallel gc, windows-amd64)
GC Precious Log:
 CardTable entry size: 512
 CPUs: 12 total, 12 available
 Memory: 24191M
 Large Page Support: Disabled
 NUMA Support: Disabled
 Compressed Oops: Enabled (32-bit)
 Alignments: Space 512K, Generation 512K, Heap 2M
 Heap Min Capacity: 100M
 Heap Initial Capacity: 100M
 Heap Max Capacity: 2G
 Pre-touch: Disabled
 Parallel Workers: 10
Heap:
 PSYoungGen      total 4096K, used 678K [0x00000000d5580000, 0x00000000d5c80000, 0x0000000100000000)
  eden space 3584K, 10% used [0x00000000d5580000,0x00000000d55e19b0,0x00000000d5900000)
  from space 512K, 56% used [0x00000000d5b80000,0x00000000d5bc8000,0x00000000d5c00000)
  to   space 512K, 0% used [0x00000000d5c00000,0x00000000d5c00000,0x00000000d5c80000)
 ParOldGen       total 131584K, used 131327K [0x0000000080000000, 0x0000000088080000, 0x00000000d5580000)
  object space 131584K, 99% used [0x0000000080000000,0x000000008803fd38,0x0000000088080000)
 Metaspace       used 83648K, committed 85376K, reserved 1179648K
  class space    used 10126K, committed 10880K, reserved 1048576K
GC Heap History (20 events):
Event: 58.862 GC heap before
{Heap before GC invocations=230 (full 3):
 PSYoungGen      total 5632K, used 5472K [0x00000000d5580000, 0x00000000d5c00000, 0x0000000100000000)
  eden space 5120K, 100% used [0x00000000d5580000,0x00000000d5a80000,0x00000000d5a80000)
  from space 512K, 68% used [0x00000000d5b80000,0x00000000d5bd8000,0x00000000d5c00000)
  to   space 512K, 0% used [0x00000000d5b00000,0x00000000d5b00000,0x00000000d5b80000)
 ParOldGen       total 122880K, used 122626K [0x0000000080000000, 0x0000000087800000, 0x00000000d5580000)
  object space 122880K, 99% used [0x0000000080000000,0x00000000877c0a78,0x0000000087800000)
 Metaspace       used 82426K, committed 84160K, reserved 1179648K
  class space    used 9997K, committed 10752K, reserved 1048576K
}
Event: 58.864 GC heap after
{Heap after GC invocations=230 (full 3):
 PSYoungGen      total 5632K, used 128K [0x00000000d5580000, 0x00000000d5c00000, 0x0000000100000000)
  eden space 5120K, 0% used [0x00000000d5580000,0x00000000d5580000,0x00000000d5a80000)
  from space 512K, 25% used [0x00000000d5b00000,0x00000000d5b20000,0x00000000d5b80000)
  to   space 512K, 0% used [0x00000000d5b80000,0x00000000d5b80000,0x00000000d5c00000)
 ParOldGen       total 122880K, used 122846K [0x0000000080000000, 0x0000000087800000, 0x00000000d5580000)
  object space 122880K, 99% used [0x0000000080000000,0x00000000877f7a88,0x0000000087800000)
 Metaspace       used 82426K, committed 84160K, reserved 1179648K
  class space    used 9997K, committed 10752K, reserved 1048576K
}
Event: 59.292 GC heap before
{Heap before GC invocations=231 (full 3):
 PSYoungGen      total 5632K, used 5247K [0x00000000d5580000, 0x00000000d5c00000, 0x0000000100000000)
  eden space 5120K, 99% used [0x00000000d5580000,0x00000000d5a7ffe8,0x00000000d5a80000)
  from space 512K, 25% used [0x00000000d5b00000,0x00000000d5b20000,0x00000000d5b80000)
  to   space 512K, 0% used [0x00000000d5b80000,0x00000000d5b80000,0x00000000d5c00000)
 ParOldGen       total 122880K, used 122846K [0x0000000080000000, 0x0000000087800000, 0x00000000d5580000)
  object space 122880K, 99% used [0x0000000080000000,0x00000000877f7a88,0x0000000087800000)
 Metaspace       used 82637K, committed 84416K, reserved 1179648K
  class space    used 10019K, committed 10816K, reserved 1048576K
}
Event: 59.296 GC heap after
{Heap after GC invocations=231 (full 3):
 PSYoungGen      total 5632K, used 409K [0x00000000d5580000, 0x00000000d5c00000, 0x0000000100000000)
  eden space 5120K, 0% used [0x00000000d5580000,0x00000000d5580000,0x00000000d5a80000)
  from space 512K, 79% used [0x00000000d5b80000,0x00000000d5be6470,0x00000000d5c00000)
  to   space 512K, 0% used [0x00000000d5b00000,0x00000000d5b00000,0x00000000d5b80000)
 ParOldGen       total 122880K, used 122870K [0x0000000080000000, 0x0000000087800000, 0x00000000d5580000)
  object space 122880K, 99% used [0x0000000080000000,0x00000000877fda88,0x0000000087800000)
 Metaspace       used 82637K, committed 84416K, reserved 1179648K
  class space    used 10019K, committed 10816K, reserved 1048576K
}
Event: 59.445 GC heap before
{Heap before GC invocations=232 (full 3):
 PSYoungGen      total 5632K, used 5529K [0x00000000d5580000, 0x00000000d5c00000, 0x0000000100000000)
  eden space 5120K, 100% used [0x00000000d5580000,0x00000000d5a80000,0x00000000d5a80000)
  from space 512K, 79% used [0x00000000d5b80000,0x00000000d5be6470,0x00000000d5c00000)
  to   space 512K, 0% used [0x00000000d5b00000,0x00000000d5b00000,0x00000000d5b80000)
 ParOldGen       total 122880K, used 122870K [0x0000000080000000, 0x0000000087800000, 0x00000000d5580000)
  object space 122880K, 99% used [0x0000000080000000,0x00000000877fda88,0x0000000087800000)
 Metaspace       used 82849K, committed 84608K, reserved 1179648K
  class space    used 10038K, committed 10816K, reserved 1048576K
}
Event: 59.451 GC heap after
{Heap after GC invocations=232 (full 3):
 PSYoungGen      total 5632K, used 489K [0x00000000d5580000, 0x00000000d6180000, 0x0000000100000000)
  eden space 5120K, 0% used [0x00000000d5580000,0x00000000d5580000,0x00000000d5a80000)
  from space 512K, 95% used [0x00000000d5b00000,0x00000000d5b7a440,0x00000000d5b80000)
  to   space 3584K, 0% used [0x00000000d5e00000,0x00000000d5e00000,0x00000000d6180000)
 ParOldGen       total 125440K, used 125063K [0x0000000080000000, 0x0000000087a80000, 0x00000000d5580000)
  object space 125440K, 99% used [0x0000000080000000,0x0000000087a21ca8,0x0000000087a80000)
 Metaspace       used 82849K, committed 84608K, reserved 1179648K
  class space    used 10038K, committed 10816K, reserved 1048576K
}
Event: 59.521 GC heap before
{Heap before GC invocations=233 (full 3):
 PSYoungGen      total 5632K, used 5609K [0x00000000d5580000, 0x00000000d6180000, 0x0000000100000000)
  eden space 5120K, 100% used [0x00000000d5580000,0x00000000d5a80000,0x00000000d5a80000)
  from space 512K, 95% used [0x00000000d5b00000,0x00000000d5b7a440,0x00000000d5b80000)
  to   space 3584K, 0% used [0x00000000d5e00000,0x00000000d5e00000,0x00000000d6180000)
 ParOldGen       total 125440K, used 125063K [0x0000000080000000, 0x0000000087a80000, 0x00000000d5580000)
  object space 125440K, 99% used [0x0000000080000000,0x0000000087a21ca8,0x0000000087a80000)
 Metaspace       used 82939K, committed 84736K, reserved 1179648K
  class space    used 10046K, committed 10816K, reserved 1048576K
}
Event: 59.530 GC heap after
{Heap after GC invocations=233 (full 3):
 PSYoungGen      total 7168K, used 3584K [0x00000000d5580000, 0x00000000d6480000, 0x0000000100000000)
  eden space 3584K, 0% used [0x00000000d5580000,0x00000000d5580000,0x00000000d5900000)
  from space 3584K, 100% used [0x00000000d5e00000,0x00000000d6180000,0x00000000d6180000)
  to   space 5120K, 0% used [0x00000000d5900000,0x00000000d5900000,0x00000000d5e00000)
 ParOldGen       total 126464K, used 126064K [0x0000000080000000, 0x0000000087b80000, 0x00000000d5580000)
  object space 126464K, 99% used [0x0000000080000000,0x0000000087b1c0e8,0x0000000087b80000)
 Metaspace       used 82939K, committed 84736K, reserved 1179648K
  class space    used 10046K, committed 10816K, reserved 1048576K
}
Event: 59.580 GC heap before
{Heap before GC invocations=234 (full 3):
 PSYoungGen      total 7168K, used 7134K [0x00000000d5580000, 0x00000000d6480000, 0x0000000100000000)
  eden space 3584K, 99% used [0x00000000d5580000,0x00000000d58f7808,0x00000000d5900000)
  from space 3584K, 100% used [0x00000000d5e00000,0x00000000d6180000,0x00000000d6180000)
  to   space 5120K, 0% used [0x00000000d5900000,0x00000000d5900000,0x00000000d5e00000)
 ParOldGen       total 126464K, used 126064K [0x0000000080000000, 0x0000000087b80000, 0x00000000d5580000)
  object space 126464K, 99% used [0x0000000080000000,0x0000000087b1c0e8,0x0000000087b80000)
 Metaspace       used 82945K, committed 84736K, reserved 1179648K
  class space    used 10046K, committed 10816K, reserved 1048576K
}
Event: 59.591 GC heap after
{Heap after GC invocations=234 (full 3):
 PSYoungGen      total 5120K, used 1344K [0x00000000d5580000, 0x00000000d5e80000, 0x0000000100000000)
  eden space 3584K, 0% used [0x00000000d5580000,0x00000000d5580000,0x00000000d5900000)
  from space 1536K, 87% used [0x00000000d5900000,0x00000000d5a50000,0x00000000d5a80000)
  to   space 2560K, 0% used [0x00000000d5c00000,0x00000000d5c00000,0x00000000d5e80000)
 ParOldGen       total 130048K, used 129658K [0x0000000080000000, 0x0000000087f00000, 0x00000000d5580000)
  object space 130048K, 99% used [0x0000000080000000,0x0000000087e9eb38,0x0000000087f00000)
 Metaspace       used 82945K, committed 84736K, reserved 1179648K
  class space    used 10046K, committed 10816K, reserved 1048576K
}
Event: 59.748 GC heap before
{Heap before GC invocations=235 (full 3):
 PSYoungGen      total 5120K, used 4928K [0x00000000d5580000, 0x00000000d5e80000, 0x0000000100000000)
  eden space 3584K, 100% used [0x00000000d5580000,0x00000000d5900000,0x00000000d5900000)
  from space 1536K, 87% used [0x00000000d5900000,0x00000000d5a50000,0x00000000d5a80000)
  to   space 2560K, 0% used [0x00000000d5c00000,0x00000000d5c00000,0x00000000d5e80000)
 ParOldGen       total 130048K, used 129658K [0x0000000080000000, 0x0000000087f00000, 0x00000000d5580000)
  object space 130048K, 99% used [0x0000000080000000,0x0000000087e9eb38,0x0000000087f00000)
 Metaspace       used 82950K, committed 84736K, reserved 1179648K
  class space    used 10046K, committed 10816K, reserved 1048576K
}
Event: 59.752 GC heap after
{Heap after GC invocations=235 (full 3):
 PSYoungGen      total 4096K, used 128K [0x00000000d5580000, 0x00000000d5c80000, 0x0000000100000000)
  eden space 3584K, 0% used [0x00000000d5580000,0x00000000d5580000,0x00000000d5900000)
  from space 512K, 25% used [0x00000000d5c00000,0x00000000d5c20000,0x00000000d5c80000)
  to   space 1024K, 0% used [0x00000000d5a80000,0x00000000d5a80000,0x00000000d5b80000)
 ParOldGen       total 131072K, used 130874K [0x0000000080000000, 0x0000000088000000, 0x00000000d5580000)
  object space 131072K, 99% used [0x0000000080000000,0x0000000087fceb38,0x0000000088000000)
 Metaspace       used 82950K, committed 84736K, reserved 1179648K
  class space    used 10046K, committed 10816K, reserved 1048576K
}
Event: 59.994 GC heap before
{Heap before GC invocations=236 (full 3):
 PSYoungGen      total 4096K, used 3653K [0x00000000d5580000, 0x00000000d5c80000, 0x0000000100000000)
  eden space 3584K, 98% used [0x00000000d5580000,0x00000000d58f1648,0x00000000d5900000)
  from space 512K, 25% used [0x00000000d5c00000,0x00000000d5c20000,0x00000000d5c80000)
  to   space 1024K, 0% used [0x00000000d5a80000,0x00000000d5a80000,0x00000000d5b80000)
 ParOldGen       total 131072K, used 130874K [0x0000000080000000, 0x0000000088000000, 0x00000000d5580000)
  object space 131072K, 99% used [0x0000000080000000,0x0000000087fceb38,0x0000000088000000)
 Metaspace       used 82952K, committed 84736K, reserved 1179648K
  class space    used 10046K, committed 10816K, reserved 1048576K
}
Event: 59.998 GC heap after
{Heap after GC invocations=236 (full 3):
 PSYoungGen      total 4608K, used 384K [0x00000000d5580000, 0x00000000d5c80000, 0x0000000100000000)
  eden space 3584K, 0% used [0x00000000d5580000,0x00000000d5580000,0x00000000d5900000)
  from space 1024K, 37% used [0x00000000d5a80000,0x00000000d5ae0000,0x00000000d5b80000)
  to   space 512K, 0% used [0x00000000d5c00000,0x00000000d5c00000,0x00000000d5c80000)
 ParOldGen       total 131072K, used 130906K [0x0000000080000000, 0x0000000088000000, 0x00000000d5580000)
  object space 131072K, 99% used [0x0000000080000000,0x0000000087fd6b38,0x0000000088000000)
 Metaspace       used 82952K, committed 84736K, reserved 1179648K
  class space    used 10046K, committed 10816K, reserved 1048576K
}
Event: 60.067 GC heap before
{Heap before GC invocations=237 (full 3):
 PSYoungGen      total 4608K, used 3962K [0x00000000d5580000, 0x00000000d5c80000, 0x0000000100000000)
  eden space 3584K, 99% used [0x00000000d5580000,0x00000000d58fe950,0x00000000d5900000)
  from space 1024K, 37% used [0x00000000d5a80000,0x00000000d5ae0000,0x00000000d5b80000)
  to   space 512K, 0% used [0x00000000d5c00000,0x00000000d5c00000,0x00000000d5c80000)
 ParOldGen       total 131072K, used 130906K [0x0000000080000000, 0x0000000088000000, 0x00000000d5580000)
  object space 131072K, 99% used [0x0000000080000000,0x0000000087fd6b38,0x0000000088000000)
 Metaspace       used 82956K, committed 84736K, reserved 1179648K
  class space    used 10046K, committed 10816K, reserved 1048576K
}
Event: 60.069 GC heap after
{Heap after GC invocations=237 (full 3):
 PSYoungGen      total 4096K, used 224K [0x00000000d5580000, 0x00000000d5c80000, 0x0000000100000000)
  eden space 3584K, 0% used [0x00000000d5580000,0x00000000d5580000,0x00000000d5900000)
  from space 512K, 43% used [0x00000000d5c00000,0x00000000d5c38000,0x00000000d5c80000)
  to   space 512K, 0% used [0x00000000d5b80000,0x00000000d5b80000,0x00000000d5c00000)
 ParOldGen       total 131072K, used 131063K [0x0000000080000000, 0x0000000088000000, 0x00000000d5580000)
  object space 131072K, 99% used [0x0000000080000000,0x0000000087ffdd38,0x0000000088000000)
 Metaspace       used 82956K, committed 84736K, reserved 1179648K
  class space    used 10046K, committed 10816K, reserved 1048576K
}
Event: 75.476 GC heap before
{Heap before GC invocations=238 (full 3):
 PSYoungGen      total 4096K, used 3807K [0x00000000d5580000, 0x00000000d5c80000, 0x0000000100000000)
  eden space 3584K, 99% used [0x00000000d5580000,0x00000000d58ffe78,0x00000000d5900000)
  from space 512K, 43% used [0x00000000d5c00000,0x00000000d5c38000,0x00000000d5c80000)
  to   space 512K, 0% used [0x00000000d5b80000,0x00000000d5b80000,0x00000000d5c00000)
 ParOldGen       total 131072K, used 131063K [0x0000000080000000, 0x0000000088000000, 0x00000000d5580000)
  object space 131072K, 99% used [0x0000000080000000,0x0000000087ffdd38,0x0000000088000000)
 Metaspace       used 83045K, committed 84800K, reserved 1179648K
  class space    used 10052K, committed 10816K, reserved 1048576K
}
Event: 75.478 GC heap after
{Heap after GC invocations=238 (full 3):
 PSYoungGen      total 4096K, used 320K [0x00000000d5580000, 0x00000000d5c80000, 0x0000000100000000)
  eden space 3584K, 0% used [0x00000000d5580000,0x00000000d5580000,0x00000000d5900000)
  from space 512K, 62% used [0x00000000d5b80000,0x00000000d5bd0000,0x00000000d5c00000)
  to   space 512K, 0% used [0x00000000d5c00000,0x00000000d5c00000,0x00000000d5c80000)
 ParOldGen       total 131584K, used 131143K [0x0000000080000000, 0x0000000088080000, 0x00000000d5580000)
  object space 131584K, 99% used [0x0000000080000000,0x0000000088011d38,0x0000000088080000)
 Metaspace       used 83045K, committed 84800K, reserved 1179648K
  class space    used 10052K, committed 10816K, reserved 1048576K
}
Event: 2215.178 GC heap before
{Heap before GC invocations=239 (full 3):
 PSYoungGen      total 4096K, used 3904K [0x00000000d5580000, 0x00000000d5c80000, 0x0000000100000000)
  eden space 3584K, 100% used [0x00000000d5580000,0x00000000d5900000,0x00000000d5900000)
  from space 512K, 62% used [0x00000000d5b80000,0x00000000d5bd0000,0x00000000d5c00000)
  to   space 512K, 0% used [0x00000000d5c00000,0x00000000d5c00000,0x00000000d5c80000)
 ParOldGen       total 131584K, used 131143K [0x0000000080000000, 0x0000000088080000, 0x00000000d5580000)
  object space 131584K, 99% used [0x0000000080000000,0x0000000088011d38,0x0000000088080000)
 Metaspace       used 83374K, committed 85184K, reserved 1179648K
  class space    used 10089K, committed 10880K, reserved 1048576K
}
Event: 2215.180 GC heap after
{Heap after GC invocations=239 (full 3):
 PSYoungGen      total 4096K, used 288K [0x00000000d5580000, 0x00000000d5c80000, 0x0000000100000000)
  eden space 3584K, 0% used [0x00000000d5580000,0x00000000d5580000,0x00000000d5900000)
  from space 512K, 56% used [0x00000000d5c00000,0x00000000d5c48000,0x00000000d5c80000)
  to   space 512K, 0% used [0x00000000d5b80000,0x00000000d5b80000,0x00000000d5c00000)
 ParOldGen       total 131584K, used 131215K [0x0000000080000000, 0x0000000088080000, 0x00000000d5580000)
  object space 131584K, 99% used [0x0000000080000000,0x0000000088023d38,0x0000000088080000)
 Metaspace       used 83374K, committed 85184K, reserved 1179648K
  class space    used 10089K, committed 10880K, reserved 1048576K
}

