# JRE version: Java(TM) SE Runtime Environment (17.0.12+8) (build 17.0.12+8-LTS-286)
# Java VM: Java HotSpot(TM) 64-Bit Server VM (17.0.12+8-LTS-286, mixed mode, sharing, tiered, compressed oops, compressed class ptrs, g1 gc, windows-amd64)
GC Precious Log:
 CPUs: 12 total, 12 available
 Memory: 24191M
 Large Page Support: Disabled
 NUMA Support: Disabled
 Compressed Oops: Enabled (Zero based)
 Heap Region Size: 4M
 Heap Min Capacity: 8M
 Heap Initial Capacity: 380M
 Heap Max Capacity: 6048M
 Pre-touch: Disabled
 Parallel Workers: 10
 Concurrent Workers: 3
 Concurrent Refinement Workers: 10
 Periodic GC: Disabled
Heap:
 garbage-first heap   total 69632K, used 32515K [0x0000000686000000, 0x0000000800000000)
  region size 4096K, 5 young (20480K), 1 survivors (4096K)
 Metaspace       used 44371K, committed 44928K, reserved 1114112K
  class space    used 5876K, committed 6144K, reserved 1048576K
GC Heap History (16 events):
Event: 0.982 GC heap before
{Heap before GC invocations=0 (full 0):
 garbage-first heap   total 389120K, used 16384K [0x0000000686000000, 0x0000000800000000)
  region size 4096K, 5 young (20480K), 0 survivors (0K)
 Metaspace       used 5864K, committed 6016K, reserved 1114112K
  class space    used 700K, committed 768K, reserved 1048576K
}
Event: 0.988 GC heap after
{Heap after GC invocations=1 (full 0):
 garbage-first heap   total 389120K, used 5186K [0x0000000686000000, 0x0000000800000000)
  region size 4096K, 1 young (4096K), 1 survivors (4096K)
 Metaspace       used 5864K, committed 6016K, reserved 1114112K
  class space    used 700K, committed 768K, reserved 1048576K
}
Event: 1.482 GC heap before
{Heap before GC invocations=1 (full 0):
 garbage-first heap   total 389120K, used 21570K [0x0000000686000000, 0x0000000800000000)
  region size 4096K, 5 young (20480K), 1 survivors (4096K)
 Metaspace       used 9861K, committed 10112K, reserved 1114112K
  class space    used 1258K, committed 1344K, reserved 1048576K
}
Event: 1.485 GC heap after
{Heap after GC invocations=2 (full 0):
 garbage-first heap   total 389120K, used 6413K [0x0000000686000000, 0x0000000800000000)
  region size 4096K, 1 young (4096K), 1 survivors (4096K)
 Metaspace       used 9861K, committed 10112K, reserved 1114112K
  class space    used 1258K, committed 1344K, reserved 1048576K
}
Event: 2.276 GC heap before
{Heap before GC invocations=2 (full 0):
 garbage-first heap   total 389120K, used 47373K [0x0000000686000000, 0x0000000800000000)
  region size 4096K, 11 young (45056K), 1 survivors (4096K)
 Metaspace       used 18433K, committed 18624K, reserved 1114112K
  class space    used 2373K, committed 2496K, reserved 1048576K
}
Event: 2.280 GC heap after
{Heap after GC invocations=3 (full 0):
 garbage-first heap   total 389120K, used 9717K [0x0000000686000000, 0x0000000800000000)
  region size 4096K, 2 young (8192K), 2 survivors (8192K)
 Metaspace       used 18433K, committed 18624K, reserved 1114112K
  class space    used 2373K, committed 2496K, reserved 1048576K
}
Event: 3.059 GC heap before
{Heap before GC invocations=3 (full 0):
 garbage-first heap   total 389120K, used 30197K [0x0000000686000000, 0x0000000800000000)
  region size 4096K, 8 young (32768K), 2 survivors (8192K)
 Metaspace       used 21255K, committed 21504K, reserved 1114112K
  class space    used 2708K, committed 2880K, reserved 1048576K
}
Event: 3.065 GC heap after
{Heap after GC invocations=4 (full 0):
 garbage-first heap   total 389120K, used 11655K [0x0000000686000000, 0x0000000800000000)
  region size 4096K, 2 young (8192K), 2 survivors (8192K)
 Metaspace       used 21255K, committed 21504K, reserved 1114112K
  class space    used 2708K, committed 2880K, reserved 1048576K
}
Event: 7.754 GC heap before
{Heap before GC invocations=5 (full 0):
 garbage-first heap   total 69632K, used 44423K [0x0000000686000000, 0x0000000800000000)
  region size 4096K, 10 young (40960K), 2 survivors (8192K)
 Metaspace       used 27655K, committed 28032K, reserved 1114112K
  class space    used 3602K, committed 3776K, reserved 1048576K
}
Event: 7.764 GC heap after
{Heap after GC invocations=6 (full 0):
 garbage-first heap   total 69632K, used 14361K [0x0000000686000000, 0x0000000800000000)
  region size 4096K, 2 young (8192K), 2 survivors (8192K)
 Metaspace       used 27655K, committed 28032K, reserved 1114112K
  class space    used 3602K, committed 3776K, reserved 1048576K
}
Event: 8.484 GC heap before
{Heap before GC invocations=6 (full 0):
 garbage-first heap   total 69632K, used 18457K [0x0000000686000000, 0x0000000800000000)
  region size 4096K, 3 young (12288K), 2 survivors (8192K)
 Metaspace       used 28811K, committed 29184K, reserved 1114112K
  class space    used 3728K, committed 3904K, reserved 1048576K
}
Event: 8.494 GC heap after
{Heap after GC invocations=7 (full 0):
 garbage-first heap   total 69632K, used 15113K [0x0000000686000000, 0x0000000800000000)
  region size 4096K, 1 young (4096K), 1 survivors (4096K)
 Metaspace       used 28811K, committed 29184K, reserved 1114112K
  class space    used 3728K, committed 3904K, reserved 1048576K
}
Event: 11.187 GC heap before
{Heap before GC invocations=7 (full 0):
 garbage-first heap   total 69632K, used 39689K [0x0000000686000000, 0x0000000800000000)
  region size 4096K, 8 young (32768K), 1 survivors (4096K)
 Metaspace       used 35572K, committed 35968K, reserved 1114112K
  class space    used 4637K, committed 4800K, reserved 1048576K
}
Event: 11.193 GC heap after
{Heap after GC invocations=8 (full 0):
 garbage-first heap   total 69632K, used 17331K [0x0000000686000000, 0x0000000800000000)
  region size 4096K, 1 young (4096K), 1 survivors (4096K)
 Metaspace       used 35572K, committed 35968K, reserved 1114112K
  class space    used 4637K, committed 4800K, reserved 1048576K
}
Event: 13.664 GC heap before
{Heap before GC invocations=9 (full 0):
 garbage-first heap   total 69632K, used 46003K [0x0000000686000000, 0x0000000800000000)
  region size 4096K, 8 young (32768K), 1 survivors (4096K)
 Metaspace       used 42049K, committed 42496K, reserved 1114112K
  class space    used 5538K, committed 5760K, reserved 1048576K
}
Event: 13.670 GC heap after
{Heap after GC invocations=10 (full 0):
 garbage-first heap   total 69632K, used 20227K [0x0000000686000000, 0x0000000800000000)
  region size 4096K, 1 young (4096K), 1 survivors (4096K)
 Metaspace       used 42049K, committed 42496K, reserved 1114112K
  class space    used 5538K, committed 5760K, reserved 1048576K
}

