# JRE version: OpenJDK Runtime Environment Temurin-21.0.10+7 (21.0.10+7) (build 21.0.10+7-LTS)
# Java VM: OpenJDK 64-Bit Server VM Temurin-21.0.10+7 (21.0.10+7-LTS, mixed mode, sharing, tiered, compressed oops, compressed class ptrs, parallel gc, windows-amd64)
GC Precious Log:
 CardTable entry size: 512
 CPUs: 12 total, 12 available
 Memory: 24191M
 Large Page Support: Disabled
 NUMA Support: Disabled
 Compressed Oops: Enabled (32-bit)
 Alignments: Space 512K, Generation 512K, Heap 2M
 Heap Min Capacity: 100M
 Heap Initial Capacity: 100M
 Heap Max Capacity: 2G
 Pre-touch: Disabled
 Parallel Workers: 10
Heap:
 PSYoungGen      total 3584K, used 1038K [0x00000000d5580000, 0x00000000d5c80000, 0x0000000100000000)
  eden space 3072K, 21% used [0x00000000d5580000,0x00000000d56223a0,0x00000000d5880000)
  from space 512K, 76% used [0x00000000d5b80000,0x00000000d5be14d8,0x00000000d5c00000)
  to   space 512K, 0% used [0x00000000d5c00000,0x00000000d5c00000,0x00000000d5c80000)
 ParOldGen       total 301056K, used 300593K [0x0000000080000000, 0x0000000092600000, 0x00000000d5580000)
  object space 301056K, 99% used [0x0000000080000000,0x000000009258c7a0,0x0000000092600000)
 Metaspace       used 88011K, committed 89792K, reserved 1179648K
  class space    used 10420K, committed 11200K, reserved 1048576K
GC Heap History (20 events):
Event: 84.750 GC heap before
{Heap before GC invocations=313 (full 3):
 PSYoungGen      total 3584K, used 3579K [0x00000000d5580000, 0x00000000d5c80000, 0x0000000100000000)
  eden space 3072K, 99% used [0x00000000d5580000,0x00000000d587fa60,0x00000000d5880000)
  from space 512K, 99% used [0x00000000d5b80000,0x00000000d5bff370,0x00000000d5c00000)
  to   space 512K, 0% used [0x00000000d5c00000,0x00000000d5c00000,0x00000000d5c80000)
 ParOldGen       total 297984K, used 297492K [0x0000000080000000, 0x0000000092300000, 0x00000000d5580000)
  object space 297984K, 99% used [0x0000000080000000,0x0000000092285310,0x0000000092300000)
 Metaspace       used 88010K, committed 89792K, reserved 1179648K
  class space    used 10420K, committed 11200K, reserved 1048576K
}
Event: 84.751 GC heap after
{Heap after GC invocations=313 (full 3):
 PSYoungGen      total 3584K, used 288K [0x00000000d5580000, 0x00000000d5c80000, 0x0000000100000000)
  eden space 3072K, 0% used [0x00000000d5580000,0x00000000d5580000,0x00000000d5880000)
  from space 512K, 56% used [0x00000000d5c00000,0x00000000d5c48000,0x00000000d5c80000)
  to   space 512K, 0% used [0x00000000d5b80000,0x00000000d5b80000,0x00000000d5c00000)
 ParOldGen       total 298496K, used 298100K [0x0000000080000000, 0x0000000092380000, 0x00000000d5580000)
  object space 298496K, 99% used [0x0000000080000000,0x000000009231d040,0x0000000092380000)
 Metaspace       used 88010K, committed 89792K, reserved 1179648K
  class space    used 10420K, committed 11200K, reserved 1048576K
}
Event: 84.766 GC heap before
{Heap before GC invocations=314 (full 3):
 PSYoungGen      total 3584K, used 3352K [0x00000000d5580000, 0x00000000d5c80000, 0x0000000100000000)
  eden space 3072K, 99% used [0x00000000d5580000,0x00000000d587e2d8,0x00000000d5880000)
  from space 512K, 56% used [0x00000000d5c00000,0x00000000d5c48000,0x00000000d5c80000)
  to   space 512K, 0% used [0x00000000d5b80000,0x00000000d5b80000,0x00000000d5c00000)
 ParOldGen       total 298496K, used 298100K [0x0000000080000000, 0x0000000092380000, 0x00000000d5580000)
  object space 298496K, 99% used [0x0000000080000000,0x000000009231d040,0x0000000092380000)
 Metaspace       used 88011K, committed 89792K, reserved 1179648K
  class space    used 10420K, committed 11200K, reserved 1048576K
}
Event: 84.768 GC heap after
{Heap after GC invocations=314 (full 3):
 PSYoungGen      total 3584K, used 511K [0x00000000d5580000, 0x00000000d5c80000, 0x0000000100000000)
  eden space 3072K, 0% used [0x00000000d5580000,0x00000000d5580000,0x00000000d5880000)
  from space 512K, 99% used [0x00000000d5b80000,0x00000000d5bfff50,0x00000000d5c00000)
  to   space 512K, 0% used [0x00000000d5c00000,0x00000000d5c00000,0x00000000d5c80000)
 ParOldGen       total 298496K, used 298301K [0x0000000080000000, 0x0000000092380000, 0x00000000d5580000)
  object space 298496K, 99% used [0x0000000080000000,0x000000009234f4c8,0x0000000092380000)
 Metaspace       used 88011K, committed 89792K, reserved 1179648K
  class space    used 10420K, committed 11200K, reserved 1048576K
}
Event: 84.780 GC heap before
{Heap before GC invocations=315 (full 3):
 PSYoungGen      total 3584K, used 3570K [0x00000000d5580000, 0x00000000d5c80000, 0x0000000100000000)
  eden space 3072K, 99% used [0x00000000d5580000,0x00000000d587cc98,0x00000000d5880000)
  from space 512K, 99% used [0x00000000d5b80000,0x00000000d5bfff50,0x00000000d5c00000)
  to   space 512K, 0% used [0x00000000d5c00000,0x00000000d5c00000,0x00000000d5c80000)
 ParOldGen       total 298496K, used 298301K [0x0000000080000000, 0x0000000092380000, 0x00000000d5580000)
  object space 298496K, 99% used [0x0000000080000000,0x000000009234f4c8,0x0000000092380000)
 Metaspace       used 88011K, committed 89792K, reserved 1179648K
  class space    used 10420K, committed 11200K, reserved 1048576K
}
Event: 84.781 GC heap after
{Heap after GC invocations=315 (full 3):
 PSYoungGen      total 3584K, used 300K [0x00000000d5580000, 0x00000000d5c80000, 0x0000000100000000)
  eden space 3072K, 0% used [0x00000000d5580000,0x00000000d5580000,0x00000000d5880000)
  from space 512K, 58% used [0x00000000d5c00000,0x00000000d5c4b170,0x00000000d5c80000)
  to   space 512K, 0% used [0x00000000d5b80000,0x00000000d5b80000,0x00000000d5c00000)
 ParOldGen       total 299008K, used 298757K [0x0000000080000000, 0x0000000092400000, 0x00000000d5580000)
  object space 299008K, 99% used [0x0000000080000000,0x00000000923c1700,0x0000000092400000)
 Metaspace       used 88011K, committed 89792K, reserved 1179648K
  class space    used 10420K, committed 11200K, reserved 1048576K
}
Event: 84.792 GC heap before
{Heap before GC invocations=316 (full 3):
 PSYoungGen      total 3584K, used 3372K [0x00000000d5580000, 0x00000000d5c80000, 0x0000000100000000)
  eden space 3072K, 100% used [0x00000000d5580000,0x00000000d5880000,0x00000000d5880000)
  from space 512K, 58% used [0x00000000d5c00000,0x00000000d5c4b170,0x00000000d5c80000)
  to   space 512K, 0% used [0x00000000d5b80000,0x00000000d5b80000,0x00000000d5c00000)
 ParOldGen       total 299008K, used 298757K [0x0000000080000000, 0x0000000092400000, 0x00000000d5580000)
  object space 299008K, 99% used [0x0000000080000000,0x00000000923c1700,0x0000000092400000)
 Metaspace       used 88011K, committed 89792K, reserved 1179648K
  class space    used 10420K, committed 11200K, reserved 1048576K
}
Event: 84.793 GC heap after
{Heap after GC invocations=316 (full 3):
 PSYoungGen      total 3584K, used 339K [0x00000000d5580000, 0x00000000d5c80000, 0x0000000100000000)
  eden space 3072K, 0% used [0x00000000d5580000,0x00000000d5580000,0x00000000d5880000)
  from space 512K, 66% used [0x00000000d5b80000,0x00000000d5bd4e58,0x00000000d5c00000)
  to   space 512K, 0% used [0x00000000d5c00000,0x00000000d5c00000,0x00000000d5c80000)
 ParOldGen       total 299008K, used 298829K [0x0000000080000000, 0x0000000092400000, 0x00000000d5580000)
  object space 299008K, 99% used [0x0000000080000000,0x00000000923d3700,0x0000000092400000)
 Metaspace       used 88011K, committed 89792K, reserved 1179648K
  class space    used 10420K, committed 11200K, reserved 1048576K
}
Event: 84.807 GC heap before
{Heap before GC invocations=317 (full 3):
 PSYoungGen      total 3584K, used 3411K [0x00000000d5580000, 0x00000000d5c80000, 0x0000000100000000)
  eden space 3072K, 100% used [0x00000000d5580000,0x00000000d5880000,0x00000000d5880000)
  from space 512K, 66% used [0x00000000d5b80000,0x00000000d5bd4e58,0x00000000d5c00000)
  to   space 512K, 0% used [0x00000000d5c00000,0x00000000d5c00000,0x00000000d5c80000)
 ParOldGen       total 299008K, used 298829K [0x0000000080000000, 0x0000000092400000, 0x00000000d5580000)
  object space 299008K, 99% used [0x0000000080000000,0x00000000923d3700,0x0000000092400000)
 Metaspace       used 88011K, committed 89792K, reserved 1179648K
  class space    used 10420K, committed 11200K, reserved 1048576K
}
Event: 84.808 GC heap after
{Heap after GC invocations=317 (full 3):
 PSYoungGen      total 3584K, used 344K [0x00000000d5580000, 0x00000000d5c80000, 0x0000000100000000)
  eden space 3072K, 0% used [0x00000000d5580000,0x00000000d5580000,0x00000000d5880000)
  from space 512K, 67% used [0x00000000d5c00000,0x00000000d5c562b8,0x00000000d5c80000)
  to   space 512K, 0% used [0x00000000d5b80000,0x00000000d5b80000,0x00000000d5c00000)
 ParOldGen       total 299008K, used 298917K [0x0000000080000000, 0x0000000092400000, 0x00000000d5580000)
  object space 299008K, 99% used [0x0000000080000000,0x00000000923e9710,0x0000000092400000)
 Metaspace       used 88011K, committed 89792K, reserved 1179648K
  class space    used 10420K, committed 11200K, reserved 1048576K
}
Event: 84.824 GC heap before
{Heap before GC invocations=318 (full 3):
 PSYoungGen      total 3584K, used 3416K [0x00000000d5580000, 0x00000000d5c80000, 0x0000000100000000)
  eden space 3072K, 100% used [0x00000000d5580000,0x00000000d5880000,0x00000000d5880000)
  from space 512K, 67% used [0x00000000d5c00000,0x00000000d5c562b8,0x00000000d5c80000)
  to   space 512K, 0% used [0x00000000d5b80000,0x00000000d5b80000,0x00000000d5c00000)
 ParOldGen       total 299008K, used 298917K [0x0000000080000000, 0x0000000092400000, 0x00000000d5580000)
  object space 299008K, 99% used [0x0000000080000000,0x00000000923e9710,0x0000000092400000)
 Metaspace       used 88011K, committed 89792K, reserved 1179648K
  class space    used 10420K, committed 11200K, reserved 1048576K
}
Event: 84.826 GC heap after
{Heap after GC invocations=318 (full 3):
 PSYoungGen      total 3584K, used 320K [0x00000000d5580000, 0x00000000d5c80000, 0x0000000100000000)
  eden space 3072K, 0% used [0x00000000d5580000,0x00000000d5580000,0x00000000d5880000)
  from space 512K, 62% used [0x00000000d5b80000,0x00000000d5bd0000,0x00000000d5c00000)
  to   space 512K, 0% used [0x00000000d5c00000,0x00000000d5c00000,0x00000000d5c80000)
 ParOldGen       total 299520K, used 299021K [0x0000000080000000, 0x0000000092480000, 0x00000000d5580000)
  object space 299520K, 99% used [0x0000000080000000,0x0000000092403710,0x0000000092480000)
 Metaspace       used 88011K, committed 89792K, reserved 1179648K
  class space    used 10420K, committed 11200K, reserved 1048576K
}
Event: 84.840 GC heap before
{Heap before GC invocations=319 (full 3):
 PSYoungGen      total 3584K, used 3392K [0x00000000d5580000, 0x00000000d5c80000, 0x0000000100000000)
  eden space 3072K, 100% used [0x00000000d5580000,0x00000000d5880000,0x00000000d5880000)
  from space 512K, 62% used [0x00000000d5b80000,0x00000000d5bd0000,0x00000000d5c00000)
  to   space 512K, 0% used [0x00000000d5c00000,0x00000000d5c00000,0x00000000d5c80000)
 ParOldGen       total 299520K, used 299021K [0x0000000080000000, 0x0000000092480000, 0x00000000d5580000)
  object space 299520K, 99% used [0x0000000080000000,0x0000000092403710,0x0000000092480000)
 Metaspace       used 88011K, committed 89792K, reserved 1179648K
  class space    used 10420K, committed 11200K, reserved 1048576K
}
Event: 84.841 GC heap after
{Heap after GC invocations=319 (full 3):
 PSYoungGen      total 3584K, used 192K [0x00000000d5580000, 0x00000000d5c80000, 0x0000000100000000)
  eden space 3072K, 0% used [0x00000000d5580000,0x00000000d5580000,0x00000000d5880000)
  from space 512K, 37% used [0x00000000d5c00000,0x00000000d5c30000,0x00000000d5c80000)
  to   space 512K, 0% used [0x00000000d5b80000,0x00000000d5b80000,0x00000000d5c00000)
 ParOldGen       total 299520K, used 299153K [0x0000000080000000, 0x0000000092480000, 0x00000000d5580000)
  object space 299520K, 99% used [0x0000000080000000,0x00000000924247e0,0x0000000092480000)
 Metaspace       used 88011K, committed 89792K, reserved 1179648K
  class space    used 10420K, committed 11200K, reserved 1048576K
}
Event: 84.862 GC heap before
{Heap before GC invocations=320 (full 3):
 PSYoungGen      total 3584K, used 3264K [0x00000000d5580000, 0x00000000d5c80000, 0x0000000100000000)
  eden space 3072K, 100% used [0x00000000d5580000,0x00000000d5880000,0x00000000d5880000)
  from space 512K, 37% used [0x00000000d5c00000,0x00000000d5c30000,0x00000000d5c80000)
  to   space 512K, 0% used [0x00000000d5b80000,0x00000000d5b80000,0x00000000d5c00000)
 ParOldGen       total 299520K, used 299153K [0x0000000080000000, 0x0000000092480000, 0x00000000d5580000)
  object space 299520K, 99% used [0x0000000080000000,0x00000000924247e0,0x0000000092480000)
 Metaspace       used 88011K, committed 89792K, reserved 1179648K
  class space    used 10420K, committed 11200K, reserved 1048576K
}
Event: 84.863 GC heap after
{Heap after GC invocations=320 (full 3):
 PSYoungGen      total 3584K, used 491K [0x00000000d5580000, 0x00000000d5c80000, 0x0000000100000000)
  eden space 3072K, 0% used [0x00000000d5580000,0x00000000d5580000,0x00000000d5880000)
  from space 512K, 95% used [0x00000000d5b80000,0x00000000d5bfad40,0x00000000d5c00000)
  to   space 512K, 0% used [0x00000000d5c00000,0x00000000d5c00000,0x00000000d5c80000)
 ParOldGen       total 299520K, used 299393K [0x0000000080000000, 0x0000000092480000, 0x00000000d5580000)
  object space 299520K, 99% used [0x0000000080000000,0x00000000924604f0,0x0000000092480000)
 Metaspace       used 88011K, committed 89792K, reserved 1179648K
  class space    used 10420K, committed 11200K, reserved 1048576K
}
Event: 84.896 GC heap before
{Heap before GC invocations=321 (full 3):
 PSYoungGen      total 3584K, used 3549K [0x00000000d5580000, 0x00000000d5c80000, 0x0000000100000000)
  eden space 3072K, 99% used [0x00000000d5580000,0x00000000d587c6d8,0x00000000d5880000)
  from space 512K, 95% used [0x00000000d5b80000,0x00000000d5bfad40,0x00000000d5c00000)
  to   space 512K, 0% used [0x00000000d5c00000,0x00000000d5c00000,0x00000000d5c80000)
 ParOldGen       total 299520K, used 299393K [0x0000000080000000, 0x0000000092480000, 0x00000000d5580000)
  object space 299520K, 99% used [0x0000000080000000,0x00000000924604f0,0x0000000092480000)
 Metaspace       used 88011K, committed 89792K, reserved 1179648K
  class space    used 10420K, committed 11200K, reserved 1048576K
}
Event: 84.898 GC heap after
{Heap after GC invocations=321 (full 3):
 PSYoungGen      total 3584K, used 279K [0x00000000d5580000, 0x00000000d5c80000, 0x0000000100000000)
  eden space 3072K, 0% used [0x00000000d5580000,0x00000000d5580000,0x00000000d5880000)
  from space 512K, 54% used [0x00000000d5c00000,0x00000000d5c45de0,0x00000000d5c80000)
  to   space 512K, 0% used [0x00000000d5b80000,0x00000000d5b80000,0x00000000d5c00000)
 ParOldGen       total 300032K, used 299868K [0x0000000080000000, 0x0000000092500000, 0x00000000d5580000)
  object space 300032K, 99% used [0x0000000080000000,0x00000000924d72a0,0x0000000092500000)
 Metaspace       used 88011K, committed 89792K, reserved 1179648K
  class space    used 10420K, committed 11200K, reserved 1048576K
}
Event: 84.926 GC heap before
{Heap before GC invocations=322 (full 3):
 PSYoungGen      total 3584K, used 3348K [0x00000000d5580000, 0x00000000d5c80000, 0x0000000100000000)
  eden space 3072K, 99% used [0x00000000d5580000,0x00000000d587f398,0x00000000d5880000)
  from space 512K, 54% used [0x00000000d5c00000,0x00000000d5c45de0,0x00000000d5c80000)
  to   space 512K, 0% used [0x00000000d5b80000,0x00000000d5b80000,0x00000000d5c00000)
 ParOldGen       total 300032K, used 299868K [0x0000000080000000, 0x0000000092500000, 0x00000000d5580000)
  object space 300032K, 99% used [0x0000000080000000,0x00000000924d72a0,0x0000000092500000)
 Metaspace       used 88011K, committed 89792K, reserved 1179648K
  class space    used 10420K, committed 11200K, reserved 1048576K
}
Event: 84.928 GC heap after
{Heap after GC invocations=322 (full 3):
 PSYoungGen      total 3584K, used 425K [0x00000000d5580000, 0x00000000d5c80000, 0x0000000100000000)
  eden space 3072K, 0% used [0x00000000d5580000,0x00000000d5580000,0x00000000d5880000)
  from space 512K, 83% used [0x00000000d5b80000,0x00000000d5bea4d8,0x00000000d5c00000)
  to   space 512K, 0% used [0x00000000d5c00000,0x00000000d5c00000,0x00000000d5c80000)
 ParOldGen       total 300544K, used 300129K [0x0000000080000000, 0x0000000092580000, 0x00000000d5580000)
  object space 300544K, 99% used [0x0000000080000000,0x0000000092518530,0x0000000092580000)
 Metaspace       used 88011K, committed 89792K, reserved 1179648K
  class space    used 10420K, committed 11200K, reserved 1048576K
}

