# JRE version: OpenJDK Runtime Environment Temurin-21.0.10+7 (21.0.10+7) (build 21.0.10+7-LTS)
# Java VM: OpenJDK 64-Bit Server VM Temurin-21.0.10+7 (21.0.10+7-LTS, mixed mode, sharing, tiered, compressed oops, compressed class ptrs, parallel gc, windows-amd64)
GC Precious Log:
 CardTable entry size: 512
 CPUs: 12 total, 12 available
 Memory: 24191M
 Large Page Support: Disabled
 NUMA Support: Disabled
 Compressed Oops: Enabled (32-bit)
 Alignments: Space 512K, Generation 512K, Heap 2M
 Heap Min Capacity: 100M
 Heap Initial Capacity: 100M
 Heap Max Capacity: 2G
 Pre-touch: Disabled
 Parallel Workers: 10
Heap:
 PSYoungGen      total 4096K, used 0K [0x00000000d5580000, 0x00000000d5a80000, 0x0000000100000000)
  eden space 3584K, 0% used [0x00000000d5580000,0x00000000d5580000,0x00000000d5900000)
  from space 512K, 0% used [0x00000000d5980000,0x00000000d5980000,0x00000000d5a00000)
  to   space 512K, 0% used [0x00000000d5900000,0x00000000d5900000,0x00000000d5980000)
 ParOldGen       total 1398272K, used 1323440K [0x0000000080000000, 0x00000000d5580000, 0x00000000d5580000)
  object space 1398272K, 94% used [0x0000000080000000,0x00000000d0c6c260,0x00000000d5580000)
 Metaspace       used 71626K, committed 73280K, reserved 1114112K
  class space    used 8817K, committed 9600K, reserved 1048576K
GC Heap History (20 events):
Event: 37.211 GC heap after
{Heap after GC invocations=1156 (full 4):
 PSYoungGen      total 3584K, used 337K [0x00000000d5580000, 0x00000000d5a00000, 0x0000000100000000)
  eden space 3072K, 0% used [0x00000000d5580000,0x00000000d5580000,0x00000000d5880000)
  from space 512K, 65% used [0x00000000d5900000,0x00000000d5954640,0x00000000d5980000)
  to   space 512K, 0% used [0x00000000d5980000,0x00000000d5980000,0x00000000d5a00000)
 ParOldGen       total 619008K, used 618891K [0x0000000080000000, 0x00000000a5c80000, 0x00000000d5580000)
  object space 619008K, 99% used [0x0000000080000000,0x00000000a5c62c60,0x00000000a5c80000)
 Metaspace       used 71030K, committed 72640K, reserved 1114112K
  class space    used 8754K, committed 9472K, reserved 1048576K
}
Event: 37.251 GC heap before
{Heap before GC invocations=1157 (full 4):
 PSYoungGen      total 3584K, used 3405K [0x00000000d5580000, 0x00000000d5a00000, 0x0000000100000000)
  eden space 3072K, 99% used [0x00000000d5580000,0x00000000d587ee30,0x00000000d5880000)
  from space 512K, 65% used [0x00000000d5900000,0x00000000d5954640,0x00000000d5980000)
  to   space 512K, 0% used [0x00000000d5980000,0x00000000d5980000,0x00000000d5a00000)
 ParOldGen       total 619008K, used 618891K [0x0000000080000000, 0x00000000a5c80000, 0x00000000d5580000)
  object space 619008K, 99% used [0x0000000080000000,0x00000000a5c62c60,0x00000000a5c80000)
 Metaspace       used 71183K, committed 72832K, reserved 1114112K
  class space    used 8781K, committed 9536K, reserved 1048576K
}
Event: 37.253 GC heap after
{Heap after GC invocations=1157 (full 4):
 PSYoungGen      total 3584K, used 320K [0x00000000d5580000, 0x00000000d5a00000, 0x0000000100000000)
  eden space 3072K, 0% used [0x00000000d5580000,0x00000000d5580000,0x00000000d5880000)
  from space 512K, 62% used [0x00000000d5980000,0x00000000d59d0000,0x00000000d5a00000)
  to   space 512K, 0% used [0x00000000d5900000,0x00000000d5900000,0x00000000d5980000)
 ParOldGen       total 619008K, used 618979K [0x0000000080000000, 0x00000000a5c80000, 0x00000000d5580000)
  object space 619008K, 99% used [0x0000000080000000,0x00000000a5c78c60,0x00000000a5c80000)
 Metaspace       used 71183K, committed 72832K, reserved 1114112K
  class space    used 8781K, committed 9536K, reserved 1048576K
}
Event: 41.305 GC heap before
{Heap before GC invocations=1158 (full 4):
 PSYoungGen      total 3584K, used 3392K [0x00000000d5580000, 0x00000000d5a00000, 0x0000000100000000)
  eden space 3072K, 100% used [0x00000000d5580000,0x00000000d5880000,0x00000000d5880000)
  from space 512K, 62% used [0x00000000d5980000,0x00000000d59d0000,0x00000000d5a00000)
  to   space 512K, 0% used [0x00000000d5900000,0x00000000d5900000,0x00000000d5980000)
 ParOldGen       total 619008K, used 618979K [0x0000000080000000, 0x00000000a5c80000, 0x00000000d5580000)
  object space 619008K, 99% used [0x0000000080000000,0x00000000a5c78c60,0x00000000a5c80000)
 Metaspace       used 71327K, committed 72960K, reserved 1114112K
  class space    used 8797K, committed 9536K, reserved 1048576K
}
Event: 41.307 GC heap after
{Heap after GC invocations=1158 (full 4):
 PSYoungGen      total 3584K, used 256K [0x00000000d5580000, 0x00000000d5a00000, 0x0000000100000000)
  eden space 3072K, 0% used [0x00000000d5580000,0x00000000d5580000,0x00000000d5880000)
  from space 512K, 50% used [0x00000000d5900000,0x00000000d5940000,0x00000000d5980000)
  to   space 512K, 0% used [0x00000000d5980000,0x00000000d5980000,0x00000000d5a00000)
 ParOldGen       total 619520K, used 619091K [0x0000000080000000, 0x00000000a5d00000, 0x00000000d5580000)
  object space 619520K, 99% used [0x0000000080000000,0x00000000a5c94c60,0x00000000a5d00000)
 Metaspace       used 71327K, committed 72960K, reserved 1114112K
  class space    used 8797K, committed 9536K, reserved 1048576K
}
Event: 48.209 GC heap before
{Heap before GC invocations=1159 (full 4):
 PSYoungGen      total 3584K, used 3328K [0x00000000d5580000, 0x00000000d5a00000, 0x0000000100000000)
  eden space 3072K, 100% used [0x00000000d5580000,0x00000000d5880000,0x00000000d5880000)
  from space 512K, 50% used [0x00000000d5900000,0x00000000d5940000,0x00000000d5980000)
  to   space 512K, 0% used [0x00000000d5980000,0x00000000d5980000,0x00000000d5a00000)
 ParOldGen       total 619520K, used 619091K [0x0000000080000000, 0x00000000a5d00000, 0x00000000d5580000)
  object space 619520K, 99% used [0x0000000080000000,0x00000000a5c94c60,0x00000000a5d00000)
 Metaspace       used 71460K, committed 73088K, reserved 1114112K
  class space    used 8810K, committed 9536K, reserved 1048576K
}
Event: 48.212 GC heap after
{Heap after GC invocations=1159 (full 4):
 PSYoungGen      total 3584K, used 256K [0x00000000d5580000, 0x00000000d5a00000, 0x0000000100000000)
  eden space 3072K, 0% used [0x00000000d5580000,0x00000000d5580000,0x00000000d5880000)
  from space 512K, 50% used [0x00000000d5980000,0x00000000d59c0000,0x00000000d5a00000)
  to   space 512K, 0% used [0x00000000d5900000,0x00000000d5900000,0x00000000d5980000)
 ParOldGen       total 619520K, used 619191K [0x0000000080000000, 0x00000000a5d00000, 0x00000000d5580000)
  object space 619520K, 99% used [0x0000000080000000,0x00000000a5cadc90,0x00000000a5d00000)
 Metaspace       used 71460K, committed 73088K, reserved 1114112K
  class space    used 8810K, committed 9536K, reserved 1048576K
}
Event: 48.512 GC heap before
{Heap before GC invocations=1160 (full 4):
 PSYoungGen      total 3584K, used 3328K [0x00000000d5580000, 0x00000000d5a00000, 0x0000000100000000)
  eden space 3072K, 100% used [0x00000000d5580000,0x00000000d5880000,0x00000000d5880000)
  from space 512K, 50% used [0x00000000d5980000,0x00000000d59c0000,0x00000000d5a00000)
  to   space 512K, 0% used [0x00000000d5900000,0x00000000d5900000,0x00000000d5980000)
 ParOldGen       total 619520K, used 619191K [0x0000000080000000, 0x00000000a5d00000, 0x00000000d5580000)
  object space 619520K, 99% used [0x0000000080000000,0x00000000a5cadc90,0x00000000a5d00000)
 Metaspace       used 71570K, committed 73216K, reserved 1114112K
  class space    used 8817K, committed 9600K, reserved 1048576K
}
Event: 48.514 GC heap after
{Heap after GC invocations=1160 (full 4):
 PSYoungGen      total 3584K, used 256K [0x00000000d5580000, 0x00000000d5a00000, 0x0000000100000000)
  eden space 3072K, 0% used [0x00000000d5580000,0x00000000d5580000,0x00000000d5880000)
  from space 512K, 50% used [0x00000000d5900000,0x00000000d5940000,0x00000000d5980000)
  to   space 512K, 0% used [0x00000000d5980000,0x00000000d5980000,0x00000000d5a00000)
 ParOldGen       total 619520K, used 619287K [0x0000000080000000, 0x00000000a5d00000, 0x00000000d5580000)
  object space 619520K, 99% used [0x0000000080000000,0x00000000a5cc5c90,0x00000000a5d00000)
 Metaspace       used 71570K, committed 73216K, reserved 1114112K
  class space    used 8817K, committed 9600K, reserved 1048576K
}
Event: 50.261 GC heap before
{Heap before GC invocations=1161 (full 4):
 PSYoungGen      total 3584K, used 3328K [0x00000000d5580000, 0x00000000d5a00000, 0x0000000100000000)
  eden space 3072K, 100% used [0x00000000d5580000,0x00000000d5880000,0x00000000d5880000)
  from space 512K, 50% used [0x00000000d5900000,0x00000000d5940000,0x00000000d5980000)
  to   space 512K, 0% used [0x00000000d5980000,0x00000000d5980000,0x00000000d5a00000)
 ParOldGen       total 775680K, used 772888K [0x0000000080000000, 0x00000000af580000, 0x00000000d5580000)
  object space 775680K, 99% used [0x0000000080000000,0x00000000af2c62c8,0x00000000af580000)
 Metaspace       used 71580K, committed 73216K, reserved 1114112K
  class space    used 8817K, committed 9600K, reserved 1048576K
}
Event: 50.263 GC heap after
{Heap after GC invocations=1161 (full 4):
 PSYoungGen      total 3584K, used 224K [0x00000000d5580000, 0x00000000d5a00000, 0x0000000100000000)
  eden space 3072K, 0% used [0x00000000d5580000,0x00000000d5580000,0x00000000d5880000)
  from space 512K, 43% used [0x00000000d5980000,0x00000000d59b8000,0x00000000d5a00000)
  to   space 512K, 0% used [0x00000000d5900000,0x00000000d5900000,0x00000000d5980000)
 ParOldGen       total 775680K, used 772976K [0x0000000080000000, 0x00000000af580000, 0x00000000d5580000)
  object space 775680K, 99% used [0x0000000080000000,0x00000000af2dc2c8,0x00000000af580000)
 Metaspace       used 71580K, committed 73216K, reserved 1114112K
  class space    used 8817K, committed 9600K, reserved 1048576K
}
Event: 50.670 GC heap before
{Heap before GC invocations=1162 (full 4):
 PSYoungGen      total 3584K, used 2574K [0x00000000d5580000, 0x00000000d5a00000, 0x0000000100000000)
  eden space 3072K, 76% used [0x00000000d5580000,0x00000000d57cbbc8,0x00000000d5880000)
  from space 512K, 43% used [0x00000000d5980000,0x00000000d59b8000,0x00000000d5a00000)
  to   space 512K, 0% used [0x00000000d5900000,0x00000000d5900000,0x00000000d5980000)
 ParOldGen       total 1188864K, used 1177592K [0x0000000080000000, 0x00000000c8900000, 0x00000000d5580000)
  object space 1188864K, 99% used [0x0000000080000000,0x00000000c7dfe1f0,0x00000000c8900000)
 Metaspace       used 71613K, committed 73280K, reserved 1114112K
  class space    used 8817K, committed 9600K, reserved 1048576K
}
Event: 50.673 GC heap after
{Heap after GC invocations=1162 (full 4):
 PSYoungGen      total 3584K, used 96K [0x00000000d5580000, 0x00000000d5a00000, 0x0000000100000000)
  eden space 3072K, 0% used [0x00000000d5580000,0x00000000d5580000,0x00000000d5880000)
  from space 512K, 18% used [0x00000000d5900000,0x00000000d5918000,0x00000000d5980000)
  to   space 512K, 0% used [0x00000000d5980000,0x00000000d5980000,0x00000000d5a00000)
 ParOldGen       total 1188864K, used 1178216K [0x0000000080000000, 0x00000000c8900000, 0x00000000d5580000)
  object space 1188864K, 99% used [0x0000000080000000,0x00000000c7e9a200,0x00000000c8900000)
 Metaspace       used 71613K, committed 73280K, reserved 1114112K
  class space    used 8817K, committed 9600K, reserved 1048576K
}
Event: 51.124 GC heap before
{Heap before GC invocations=1163 (full 4):
 PSYoungGen      total 3584K, used 3168K [0x00000000d5580000, 0x00000000d5a00000, 0x0000000100000000)
  eden space 3072K, 100% used [0x00000000d5580000,0x00000000d5880000,0x00000000d5880000)
  from space 512K, 18% used [0x00000000d5900000,0x00000000d5918000,0x00000000d5980000)
  to   space 512K, 0% used [0x00000000d5980000,0x00000000d5980000,0x00000000d5a00000)
 ParOldGen       total 1329152K, used 1323368K [0x0000000080000000, 0x00000000d1200000, 0x00000000d5580000)
  object space 1329152K, 99% used [0x0000000080000000,0x00000000d0c5a260,0x00000000d1200000)
 Metaspace       used 71623K, committed 73280K, reserved 1114112K
  class space    used 8817K, committed 9600K, reserved 1048576K
}
Event: 51.126 GC heap after
{Heap after GC invocations=1163 (full 4):
 PSYoungGen      total 3584K, used 64K [0x00000000d5580000, 0x00000000d5a00000, 0x0000000100000000)
  eden space 3072K, 0% used [0x00000000d5580000,0x00000000d5580000,0x00000000d5880000)
  from space 512K, 12% used [0x00000000d5980000,0x00000000d5990000,0x00000000d5a00000)
  to   space 512K, 0% used [0x00000000d5900000,0x00000000d5900000,0x00000000d5980000)
 ParOldGen       total 1329152K, used 1323416K [0x0000000080000000, 0x00000000d1200000, 0x00000000d5580000)
  object space 1329152K, 99% used [0x0000000080000000,0x00000000d0c66260,0x00000000d1200000)
 Metaspace       used 71623K, committed 73280K, reserved 1114112K
  class space    used 8817K, committed 9600K, reserved 1048576K
}
Event: 51.364 GC heap before
{Heap before GC invocations=1164 (full 4):
 PSYoungGen      total 3584K, used 481K [0x00000000d5580000, 0x00000000d5a00000, 0x0000000100000000)
  eden space 3072K, 13% used [0x00000000d5580000,0x00000000d55e8710,0x00000000d5880000)
  from space 512K, 12% used [0x00000000d5980000,0x00000000d5990000,0x00000000d5a00000)
  to   space 512K, 0% used [0x00000000d5900000,0x00000000d5900000,0x00000000d5980000)
 ParOldGen       total 1398272K, used 1323416K [0x0000000080000000, 0x00000000d5580000, 0x00000000d5580000)
  object space 1398272K, 94% used [0x0000000080000000,0x00000000d0c66260,0x00000000d5580000)
 Metaspace       used 71626K, committed 73280K, reserved 1114112K
  class space    used 8817K, committed 9600K, reserved 1048576K
}
Event: 51.366 GC heap after
{Heap after GC invocations=1164 (full 4):
 PSYoungGen      total 3584K, used 32K [0x00000000d5580000, 0x00000000d5a00000, 0x0000000100000000)
  eden space 3072K, 0% used [0x00000000d5580000,0x00000000d5580000,0x00000000d5880000)
  from space 512K, 6% used [0x00000000d5900000,0x00000000d5908000,0x00000000d5980000)
  to   space 512K, 0% used [0x00000000d5980000,0x00000000d5980000,0x00000000d5a00000)
 ParOldGen       total 1398272K, used 1323424K [0x0000000080000000, 0x00000000d5580000, 0x00000000d5580000)
  object space 1398272K, 94% used [0x0000000080000000,0x00000000d0c68260,0x00000000d5580000)
 Metaspace       used 71626K, committed 73280K, reserved 1114112K
  class space    used 8817K, committed 9600K, reserved 1048576K
}
Event: 51.366 GC heap before
{Heap before GC invocations=1165 (full 4):
 PSYoungGen      total 3584K, used 32K [0x00000000d5580000, 0x00000000d5a00000, 0x0000000100000000)
  eden space 3072K, 0% used [0x00000000d5580000,0x00000000d5580000,0x00000000d5880000)
  from space 512K, 6% used [0x00000000d5900000,0x00000000d5908000,0x00000000d5980000)
  to   space 512K, 0% used [0x00000000d5980000,0x00000000d5980000,0x00000000d5a00000)
 ParOldGen       total 1398272K, used 1323424K [0x0000000080000000, 0x00000000d5580000, 0x00000000d5580000)
  object space 1398272K, 94% used [0x0000000080000000,0x00000000d0c68260,0x00000000d5580000)
 Metaspace       used 71626K, committed 73280K, reserved 1114112K
  class space    used 8817K, committed 9600K, reserved 1048576K
}
Event: 51.369 GC heap after
{Heap after GC invocations=1165 (full 4):
 PSYoungGen      total 4096K, used 0K [0x00000000d5580000, 0x00000000d5a80000, 0x0000000100000000)
  eden space 3584K, 0% used [0x00000000d5580000,0x00000000d5580000,0x00000000d5900000)
  from space 512K, 0% used [0x00000000d5980000,0x00000000d5980000,0x00000000d5a00000)
  to   space 512K, 0% used [0x00000000d5900000,0x00000000d5900000,0x00000000d5980000)
 ParOldGen       total 1398272K, used 1323440K [0x0000000080000000, 0x00000000d5580000, 0x00000000d5580000)
  object space 1398272K, 94% used [0x0000000080000000,0x00000000d0c6c260,0x00000000d5580000)
 Metaspace       used 71626K, committed 73280K, reserved 1114112K
  class space    used 8817K, committed 9600K, reserved 1048576K
}
Event: 51.369 GC heap before
{Heap before GC invocations=1166 (full 5):
 PSYoungGen      total 4096K, used 0K [0x00000000d5580000, 0x00000000d5a80000, 0x0000000100000000)
  eden space 3584K, 0% used [0x00000000d5580000,0x00000000d5580000,0x00000000d5900000)
  from space 512K, 0% used [0x00000000d5980000,0x00000000d5980000,0x00000000d5a00000)
  to   space 512K, 0% used [0x00000000d5900000,0x00000000d5900000,0x00000000d5980000)
 ParOldGen       total 1398272K, used 1323440K [0x0000000080000000, 0x00000000d5580000, 0x00000000d5580000)
  object space 1398272K, 94% used [0x0000000080000000,0x00000000d0c6c260,0x00000000d5580000)
 Metaspace       used 71626K, committed 73280K, reserved 1114112K
  class space    used 8817K, committed 9600K, reserved 1048576K
}

