# JRE version: OpenJDK Runtime Environment Temurin-21.0.10+7 (21.0.10+7) (build 21.0.10+7-LTS)
# Java VM: OpenJDK 64-Bit Server VM Temurin-21.0.10+7 (21.0.10+7-LTS, mixed mode, sharing, tiered, compressed oops, compressed class ptrs, parallel gc, windows-amd64)
GC Precious Log:
 CardTable entry size: 512
 CPUs: 12 total, 12 available
 Memory: 24191M
 Large Page Support: Disabled
 NUMA Support: Disabled
 Compressed Oops: Enabled (32-bit)
 Alignments: Space 512K, Generation 512K, Heap 2M
 Heap Min Capacity: 100M
 Heap Initial Capacity: 100M
 Heap Max Capacity: 2G
 Pre-touch: Disabled
 Parallel Workers: 10
Heap:
 PSYoungGen      total 17408K, used 5479K [0x00000000d5580000, 0x00000000d6780000, 0x0000000100000000)
  eden space 15872K, 30% used [0x00000000d5580000,0x00000000d5a49c80,0x00000000d6500000)
  from space 1536K, 37% used [0x00000000d6500000,0x00000000d6590000,0x00000000d6680000)
  to   space 1024K, 0% used [0x00000000d6680000,0x00000000d6680000,0x00000000d6780000)
 ParOldGen       total 102912K, used 102425K [0x0000000080000000, 0x0000000086480000, 0x00000000d5580000)
  object space 102912K, 99% used [0x0000000080000000,0x00000000864067f8,0x0000000086480000)
 Metaspace       used 76489K, committed 78208K, reserved 1179648K
  class space    used 9303K, committed 10048K, reserved 1048576K
GC Heap History (20 events):
Event: 18.007 GC heap before
{Heap before GC invocations=79 (full 3):
 PSYoungGen      total 18432K, used 18137K [0x00000000d5580000, 0x00000000d6900000, 0x0000000100000000)
  eden space 16896K, 100% used [0x00000000d5580000,0x00000000d6600000,0x00000000d6600000)
  from space 1536K, 80% used [0x00000000d6600000,0x00000000d6736400,0x00000000d6780000)
  to   space 1536K, 0% used [0x00000000d6780000,0x00000000d6780000,0x00000000d6900000)
 ParOldGen       total 94208K, used 94177K [0x0000000080000000, 0x0000000085c00000, 0x00000000d5580000)
  object space 94208K, 99% used [0x0000000080000000,0x0000000085bf85a0,0x0000000085c00000)
 Metaspace       used 74063K, committed 75712K, reserved 1179648K
  class space    used 9062K, committed 9792K, reserved 1048576K
}
Event: 18.009 GC heap after
{Heap after GC invocations=79 (full 3):
 PSYoungGen      total 17920K, used 856K [0x00000000d5580000, 0x00000000d6880000, 0x0000000100000000)
  eden space 16896K, 0% used [0x00000000d5580000,0x00000000d5580000,0x00000000d6600000)
  from space 1024K, 83% used [0x00000000d6780000,0x00000000d68562f8,0x00000000d6880000)
  to   space 1024K, 0% used [0x00000000d6680000,0x00000000d6680000,0x00000000d6780000)
 ParOldGen       total 94720K, used 94515K [0x0000000080000000, 0x0000000085c80000, 0x00000000d5580000)
  object space 94720K, 99% used [0x0000000080000000,0x0000000085c4cc20,0x0000000085c80000)
 Metaspace       used 74063K, committed 75712K, reserved 1179648K
  class space    used 9062K, committed 9792K, reserved 1048576K
}
Event: 18.149 GC heap before
{Heap before GC invocations=80 (full 3):
 PSYoungGen      total 17920K, used 17752K [0x00000000d5580000, 0x00000000d6880000, 0x0000000100000000)
  eden space 16896K, 100% used [0x00000000d5580000,0x00000000d6600000,0x00000000d6600000)
  from space 1024K, 83% used [0x00000000d6780000,0x00000000d68562f8,0x00000000d6880000)
  to   space 1024K, 0% used [0x00000000d6680000,0x00000000d6680000,0x00000000d6780000)
 ParOldGen       total 94720K, used 94522K [0x0000000080000000, 0x0000000085c80000, 0x00000000d5580000)
  object space 94720K, 99% used [0x0000000080000000,0x0000000085c4ea20,0x0000000085c80000)
 Metaspace       used 74620K, committed 76224K, reserved 1179648K
  class space    used 9126K, committed 9856K, reserved 1048576K
}
Event: 18.151 GC heap after
{Heap after GC invocations=80 (full 3):
 PSYoungGen      total 17920K, used 1008K [0x00000000d5580000, 0x00000000d6a00000, 0x0000000100000000)
  eden space 16896K, 0% used [0x00000000d5580000,0x00000000d5580000,0x00000000d6600000)
  from space 1024K, 98% used [0x00000000d6680000,0x00000000d677c260,0x00000000d6780000)
  to   space 2048K, 0% used [0x00000000d6800000,0x00000000d6800000,0x00000000d6a00000)
 ParOldGen       total 95232K, used 95030K [0x0000000080000000, 0x0000000085d00000, 0x00000000d5580000)
  object space 95232K, 99% used [0x0000000080000000,0x0000000085ccda30,0x0000000085d00000)
 Metaspace       used 74620K, committed 76224K, reserved 1179648K
  class space    used 9126K, committed 9856K, reserved 1048576K
}
Event: 18.275 GC heap before
{Heap before GC invocations=81 (full 3):
 PSYoungGen      total 17920K, used 17904K [0x00000000d5580000, 0x00000000d6a00000, 0x0000000100000000)
  eden space 16896K, 100% used [0x00000000d5580000,0x00000000d6600000,0x00000000d6600000)
  from space 1024K, 98% used [0x00000000d6680000,0x00000000d677c260,0x00000000d6780000)
  to   space 2048K, 0% used [0x00000000d6800000,0x00000000d6800000,0x00000000d6a00000)
 ParOldGen       total 95232K, used 95030K [0x0000000080000000, 0x0000000085d00000, 0x00000000d5580000)
  object space 95232K, 99% used [0x0000000080000000,0x0000000085ccda30,0x0000000085d00000)
 Metaspace       used 74766K, committed 76480K, reserved 1179648K
  class space    used 9156K, committed 9920K, reserved 1048576K
}
Event: 18.277 GC heap after
{Heap after GC invocations=81 (full 3):
 PSYoungGen      total 17408K, used 489K [0x00000000d5580000, 0x00000000d6880000, 0x0000000100000000)
  eden space 16896K, 0% used [0x00000000d5580000,0x00000000d5580000,0x00000000d6600000)
  from space 512K, 95% used [0x00000000d6800000,0x00000000d687a458,0x00000000d6880000)
  to   space 1024K, 0% used [0x00000000d6680000,0x00000000d6680000,0x00000000d6780000)
 ParOldGen       total 96256K, used 95895K [0x0000000080000000, 0x0000000085e00000, 0x00000000d5580000)
  object space 96256K, 99% used [0x0000000080000000,0x0000000085da5e50,0x0000000085e00000)
 Metaspace       used 74766K, committed 76480K, reserved 1179648K
  class space    used 9156K, committed 9920K, reserved 1048576K
}
Event: 18.385 GC heap before
{Heap before GC invocations=82 (full 3):
 PSYoungGen      total 17408K, used 17385K [0x00000000d5580000, 0x00000000d6880000, 0x0000000100000000)
  eden space 16896K, 100% used [0x00000000d5580000,0x00000000d6600000,0x00000000d6600000)
  from space 512K, 95% used [0x00000000d6800000,0x00000000d687a458,0x00000000d6880000)
  to   space 1024K, 0% used [0x00000000d6680000,0x00000000d6680000,0x00000000d6780000)
 ParOldGen       total 96256K, used 95895K [0x0000000080000000, 0x0000000085e00000, 0x00000000d5580000)
  object space 96256K, 99% used [0x0000000080000000,0x0000000085da5e50,0x0000000085e00000)
 Metaspace       used 74921K, committed 76544K, reserved 1179648K
  class space    used 9182K, committed 9920K, reserved 1048576K
}
Event: 18.387 GC heap after
{Heap after GC invocations=82 (full 3):
 PSYoungGen      total 17920K, used 612K [0x00000000d5580000, 0x00000000d6880000, 0x0000000100000000)
  eden space 16896K, 0% used [0x00000000d5580000,0x00000000d5580000,0x00000000d6600000)
  from space 1024K, 59% used [0x00000000d6680000,0x00000000d6719390,0x00000000d6780000)
  to   space 1024K, 0% used [0x00000000d6780000,0x00000000d6780000,0x00000000d6880000)
 ParOldGen       total 96256K, used 95991K [0x0000000080000000, 0x0000000085e00000, 0x00000000d5580000)
  object space 96256K, 99% used [0x0000000080000000,0x0000000085dbde60,0x0000000085e00000)
 Metaspace       used 74921K, committed 76544K, reserved 1179648K
  class space    used 9182K, committed 9920K, reserved 1048576K
}
Event: 18.449 GC heap before
{Heap before GC invocations=83 (full 3):
 PSYoungGen      total 17920K, used 17508K [0x00000000d5580000, 0x00000000d6880000, 0x0000000100000000)
  eden space 16896K, 100% used [0x00000000d5580000,0x00000000d6600000,0x00000000d6600000)
  from space 1024K, 59% used [0x00000000d6680000,0x00000000d6719390,0x00000000d6780000)
  to   space 1024K, 0% used [0x00000000d6780000,0x00000000d6780000,0x00000000d6880000)
 ParOldGen       total 96256K, used 95991K [0x0000000080000000, 0x0000000085e00000, 0x00000000d5580000)
  object space 96256K, 99% used [0x0000000080000000,0x0000000085dbde60,0x0000000085e00000)
 Metaspace       used 75004K, committed 76672K, reserved 1179648K
  class space    used 9190K, committed 9920K, reserved 1048576K
}
Event: 18.452 GC heap after
{Heap after GC invocations=83 (full 3):
 PSYoungGen      total 16896K, used 1009K [0x00000000d5580000, 0x00000000d6b00000, 0x0000000100000000)
  eden space 15872K, 0% used [0x00000000d5580000,0x00000000d5580000,0x00000000d6500000)
  from space 1024K, 98% used [0x00000000d6780000,0x00000000d687c5d0,0x00000000d6880000)
  to   space 2560K, 0% used [0x00000000d6500000,0x00000000d6500000,0x00000000d6780000)
 ParOldGen       total 97280K, used 97226K [0x0000000080000000, 0x0000000085f00000, 0x00000000d5580000)
  object space 97280K, 99% used [0x0000000080000000,0x0000000085ef2810,0x0000000085f00000)
 Metaspace       used 75004K, committed 76672K, reserved 1179648K
  class space    used 9190K, committed 9920K, reserved 1048576K
}
Event: 18.526 GC heap before
{Heap before GC invocations=84 (full 3):
 PSYoungGen      total 16896K, used 16881K [0x00000000d5580000, 0x00000000d6b00000, 0x0000000100000000)
  eden space 15872K, 100% used [0x00000000d5580000,0x00000000d6500000,0x00000000d6500000)
  from space 1024K, 98% used [0x00000000d6780000,0x00000000d687c5d0,0x00000000d6880000)
  to   space 2560K, 0% used [0x00000000d6500000,0x00000000d6500000,0x00000000d6780000)
 ParOldGen       total 97280K, used 97226K [0x0000000080000000, 0x0000000085f00000, 0x00000000d5580000)
  object space 97280K, 99% used [0x0000000080000000,0x0000000085ef2810,0x0000000085f00000)
 Metaspace       used 75184K, committed 76800K, reserved 1179648K
  class space    used 9197K, committed 9920K, reserved 1048576K
}
Event: 18.528 GC heap after
{Heap after GC invocations=84 (full 3):
 PSYoungGen      total 17408K, used 1477K [0x00000000d5580000, 0x00000000d6900000, 0x0000000100000000)
  eden space 15872K, 0% used [0x00000000d5580000,0x00000000d5580000,0x00000000d6500000)
  from space 1536K, 96% used [0x00000000d6500000,0x00000000d66716b0,0x00000000d6680000)
  to   space 2048K, 0% used [0x00000000d6700000,0x00000000d6700000,0x00000000d6900000)
 ParOldGen       total 97792K, used 97518K [0x0000000080000000, 0x0000000085f80000, 0x00000000d5580000)
  object space 97792K, 99% used [0x0000000080000000,0x0000000085f3b860,0x0000000085f80000)
 Metaspace       used 75184K, committed 76800K, reserved 1179648K
  class space    used 9197K, committed 9920K, reserved 1048576K
}
Event: 18.594 GC heap before
{Heap before GC invocations=85 (full 3):
 PSYoungGen      total 17408K, used 17349K [0x00000000d5580000, 0x00000000d6900000, 0x0000000100000000)
  eden space 15872K, 100% used [0x00000000d5580000,0x00000000d6500000,0x00000000d6500000)
  from space 1536K, 96% used [0x00000000d6500000,0x00000000d66716b0,0x00000000d6680000)
  to   space 2048K, 0% used [0x00000000d6700000,0x00000000d6700000,0x00000000d6900000)
 ParOldGen       total 97792K, used 97518K [0x0000000080000000, 0x0000000085f80000, 0x00000000d5580000)
  object space 97792K, 99% used [0x0000000080000000,0x0000000085f3b860,0x0000000085f80000)
 Metaspace       used 75375K, committed 77056K, reserved 1179648K
  class space    used 9209K, committed 9984K, reserved 1048576K
}
Event: 18.597 GC heap after
{Heap after GC invocations=85 (full 3):
 PSYoungGen      total 16896K, used 936K [0x00000000d5580000, 0x00000000d6800000, 0x0000000100000000)
  eden space 15872K, 0% used [0x00000000d5580000,0x00000000d5580000,0x00000000d6500000)
  from space 1024K, 91% used [0x00000000d6700000,0x00000000d67ea050,0x00000000d6800000)
  to   space 1536K, 0% used [0x00000000d6500000,0x00000000d6500000,0x00000000d6680000)
 ParOldGen       total 98816K, used 98701K [0x0000000080000000, 0x0000000086080000, 0x00000000d5580000)
  object space 98816K, 99% used [0x0000000080000000,0x00000000860637f0,0x0000000086080000)
 Metaspace       used 75375K, committed 77056K, reserved 1179648K
  class space    used 9209K, committed 9984K, reserved 1048576K
}
Event: 18.665 GC heap before
{Heap before GC invocations=86 (full 3):
 PSYoungGen      total 16896K, used 16767K [0x00000000d5580000, 0x00000000d6800000, 0x0000000100000000)
  eden space 15872K, 99% used [0x00000000d5580000,0x00000000d64f5cb8,0x00000000d6500000)
  from space 1024K, 91% used [0x00000000d6700000,0x00000000d67ea050,0x00000000d6800000)
  to   space 1536K, 0% used [0x00000000d6500000,0x00000000d6500000,0x00000000d6680000)
 ParOldGen       total 98816K, used 98701K [0x0000000080000000, 0x0000000086080000, 0x00000000d5580000)
  object space 98816K, 99% used [0x0000000080000000,0x00000000860637f0,0x0000000086080000)
 Metaspace       used 75546K, committed 77184K, reserved 1179648K
  class space    used 9225K, committed 9984K, reserved 1048576K
}
Event: 18.666 GC heap after
{Heap after GC invocations=86 (full 3):
 PSYoungGen      total 17408K, used 1320K [0x00000000d5580000, 0x00000000d6800000, 0x0000000100000000)
  eden space 15872K, 0% used [0x00000000d5580000,0x00000000d5580000,0x00000000d6500000)
  from space 1536K, 85% used [0x00000000d6500000,0x00000000d664a1e8,0x00000000d6680000)
  to   space 1536K, 0% used [0x00000000d6680000,0x00000000d6680000,0x00000000d6800000)
 ParOldGen       total 99840K, used 99596K [0x0000000080000000, 0x0000000086180000, 0x00000000d5580000)
  object space 99840K, 99% used [0x0000000080000000,0x0000000086143210,0x0000000086180000)
 Metaspace       used 75546K, committed 77184K, reserved 1179648K
  class space    used 9225K, committed 9984K, reserved 1048576K
}
Event: 18.745 GC heap before
{Heap before GC invocations=87 (full 3):
 PSYoungGen      total 17408K, used 17192K [0x00000000d5580000, 0x00000000d6800000, 0x0000000100000000)
  eden space 15872K, 100% used [0x00000000d5580000,0x00000000d6500000,0x00000000d6500000)
  from space 1536K, 85% used [0x00000000d6500000,0x00000000d664a1e8,0x00000000d6680000)
  to   space 1536K, 0% used [0x00000000d6680000,0x00000000d6680000,0x00000000d6800000)
 ParOldGen       total 99840K, used 99596K [0x0000000080000000, 0x0000000086180000, 0x00000000d5580000)
  object space 99840K, 99% used [0x0000000080000000,0x0000000086143210,0x0000000086180000)
 Metaspace       used 75626K, committed 77248K, reserved 1179648K
  class space    used 9239K, committed 9984K, reserved 1048576K
}
Event: 18.746 GC heap after
{Heap after GC invocations=87 (full 3):
 PSYoungGen      total 17408K, used 854K [0x00000000d5580000, 0x00000000d6800000, 0x0000000100000000)
  eden space 15872K, 0% used [0x00000000d5580000,0x00000000d5580000,0x00000000d6500000)
  from space 1536K, 55% used [0x00000000d6680000,0x00000000d6755850,0x00000000d6800000)
  to   space 1536K, 0% used [0x00000000d6500000,0x00000000d6500000,0x00000000d6680000)
 ParOldGen       total 100864K, used 100366K [0x0000000080000000, 0x0000000086280000, 0x00000000d5580000)
  object space 100864K, 99% used [0x0000000080000000,0x0000000086203900,0x0000000086280000)
 Metaspace       used 75626K, committed 77248K, reserved 1179648K
  class space    used 9239K, committed 9984K, reserved 1048576K
}
Event: 18.852 GC heap before
{Heap before GC invocations=88 (full 3):
 PSYoungGen      total 17408K, used 16726K [0x00000000d5580000, 0x00000000d6800000, 0x0000000100000000)
  eden space 15872K, 100% used [0x00000000d5580000,0x00000000d6500000,0x00000000d6500000)
  from space 1536K, 55% used [0x00000000d6680000,0x00000000d6755850,0x00000000d6800000)
  to   space 1536K, 0% used [0x00000000d6500000,0x00000000d6500000,0x00000000d6680000)
 ParOldGen       total 100864K, used 100366K [0x0000000080000000, 0x0000000086280000, 0x00000000d5580000)
  object space 100864K, 99% used [0x0000000080000000,0x0000000086203900,0x0000000086280000)
 Metaspace       used 75820K, committed 77440K, reserved 1179648K
  class space    used 9250K, committed 9984K, reserved 1048576K
}
Event: 18.853 GC heap after
{Heap after GC invocations=88 (full 3):
 PSYoungGen      total 17408K, used 1488K [0x00000000d5580000, 0x00000000d6900000, 0x0000000100000000)
  eden space 15872K, 0% used [0x00000000d5580000,0x00000000d5580000,0x00000000d6500000)
  from space 1536K, 96% used [0x00000000d6500000,0x00000000d6674278,0x00000000d6680000)
  to   space 2048K, 0% used [0x00000000d6700000,0x00000000d6700000,0x00000000d6900000)
 ParOldGen       total 100864K, used 100720K [0x0000000080000000, 0x0000000086280000, 0x00000000d5580000)
  object space 100864K, 99% used [0x0000000080000000,0x000000008625c168,0x0000000086280000)
 Metaspace       used 75820K, committed 77440K, reserved 1179648K
  class space    used 9250K, committed 9984K, reserved 1048576K
}

